#
# A fatal error has been detected by the Java Runtime Environment:
#
#  EXCEPTION_ACCESS_VIOLATION (0xc0000005) at pc=0x00007fff4e643004, pid=9608, tid=23044
#
# JRE version: OpenJDK Runtime Environment (24.0+36) (build 24+36-3646)
# Java VM: OpenJDK 64-Bit Server VM (24+36-3646, mixed mode, sharing, tiered, compressed oops, compressed class ptrs, g1 gc, windows-amd64)
# Problematic frame:
# C  0x00007fff4e643004
#
# No core dump will be written. Minidumps are not enabled by default on client versions of Windows
#
# JFR recording file will be written. Location: C:\Users\enzoc\IdeaProjects\Bomberman\hs_err_pid9608.jfr
#
# If you would like to submit a bug report, please visit:
#   https://bugreport.java.com/bugreport/crash.jsp
# The crash happened outside the Java Virtual Machine in native code.
# See problematic frame for where to report the bug.
#

---------------  S U M M A R Y ------------

Command Line: -javaagent:C:\Program Files\JetBrains\IntelliJ IDEA 2024.3.3\lib\idea_rt.jar=55600:C:\Program Files\JetBrains\IntelliJ IDEA 2024.3.3\bin -Dfile.encoding=UTF-8 -Dsun.stdout.encoding=UTF-8 -Dsun.stderr.encoding=UTF-8 --module-path=C:\Users\enzoc\IdeaProjects\Bomberman\target\classes;C:\Users\enzoc\.m2\repository\org\openjfx\javafx-fxml\18.0.2\javafx-fxml-18.0.2-win.jar;C:\Users\enzoc\.m2\repository\org\openjfx\javafx-base\18.0.2\javafx-base-18.0.2-win.jar;C:\Users\enzoc\.m2\repository\org\openjfx\javafx-controls\18.0.2\javafx-controls-18.0.2-win.jar;C:\Users\enzoc\.m2\repository\org\openjfx\javafx-graphics\18.0.2\javafx-graphics-18.0.2-win.jar;C:\Users\enzoc\.m2\repository\org\openjfx\javafx-media\18.0.2\javafx-media-18.0.2-win.jar -Djdk.module.main=MVP MVP/fr.amu.iut.bomberman.Main

Host: AMD Ryzen 7 5800X 8-Core Processor             , 16 cores, 31G,  Windows 11 , 64 bit Build 26100 (10.0.26100.3912)
Time: Wed Jun 11 20:47:16 2025 Paris, Madrid (heure duild 26100 (10.0.26100.3912) elapsed time: 5.450919 seconds (0d 0h 0m 5s)

---------------  T H R E A D  ---------------

Current thread (0x000001745901da00):  JavaThread "Attach Listener" daemon [_thread_in_native, id=23044, stack(0x0000007249a00000,0x0000007249b00000) (1024K)]

Stack: [0x0000007249a00000,0x0000007249b00000],  sp=0x0000007249afef90,  free space=1019k
Native frames: (J=compiled Java code, j=interpreted, Vv=VM code, C=native code)
C  0x00007fff4e643004  (no source info available)
C  0x00007fff4e6434db  (no source info available)
C  0x00007fff4e642134  (no source info available)
C  0x00007fff4e6429aa  (no source info available)
C  0x00007fff4e63d561  (no source info available)
C  0x00007fff4e62ef21  (no source info available)
C  0x00007fff4e62dc38  (no source info available)
C  0x00007fff4e62db20  (no source info available)
C  0x00007fff4e634af9  (no source info available)
V  [jvm.dll+0x57f1b7]  (no source info available)
V  [jvm.dll+0x57ff2c]  (no source info available)
V  [jvm.dll+0x14c9b7]  (no source info available)
V  [jvm.dll+0x14df81]  (no source info available)
V  [jvm.dll+0x42f566]  (no source info available)
V  [jvm.dll+0x87d8fb]  (no source info available)
V  [jvm.dll+0x72efe5]  (no source info available)
C  [ucrtbase.dll+0x37b0]  (no source info available)
C  [KERNEL32.DLL+0x2e8d7]  (no source info available)
C  [ntdll.dll+0x9c5dc]  (no source info available)


siginfo: EXCEPTION_ACCESS_VIOLATION (0xc0000005), reading address 0xffffffffffffffff


Registers:
RAX=0x0000000000000010, RBX=0x0000000000000000, RCX=0xffffffffffffffff, RDX=0x007fffa5b42ff010
RSP=0x0000007249afef90, RBP=0x0000017463b36c20, RSI=0x0000007249aff100, RDI=0x0000017463b36c20
R8 =0x0000000000000042, R9 =0x000000061e81a028, R10=0x00007fffa5db9fc0, R11=0x0000000000000004
R12=0x0000007249aff100, R13=0x000001746358ede0, R14=0x000001745901ddc8, R15=0x000001745901ddc8
RIP=0x00007fff4e643004, EFLAGS=0x0000000000010202

XMM[0]=0x0000000000000000 0x0000000000000000
XMM[1]=0x0000000000000000 0x0000000000000000
XMM[2]=0x0000000000000000 0x0000000000000000
XMM[3]=0x0000000000000000 0x0000000000000000
XMM[4]=0x0000000000000000 0x0000000000000000
XMM[5]=0x0000000000000000 0x0000000000000000
XMM[6]=0x0000000000000000 0x0000000000000000
XMM[7]=0x0000000000000000 0x0000000000000000
XMM[8]=0x0000000000000000 0x0000000000000000
XMM[9]=0x0000000000000000 0x0000000000000000
XMM[10]=0x0000000000000000 0x0000000000000000
XMM[11]=0x0000000000000000 0x0000000000000000
XMM[12]=0x0000000000000000 0x0000000000000000
XMM[13]=0x0000000000000000 0x0000000000000000
XMM[14]=0x0000000000000000 0x0000000000000000
XMM[15]=0x0000000000000000 0x0000000000000000
  MXCSR=0x00001fa0


Register to memory mapping:

RAX=0x0000000000000010 is an unknown value
RBX=0x0 is null
RCX=0xffffffffffffffff is an unknown value
RDX=0x007fffa5b42ff010 is an unknown value
RSP=0x0000007249afef90 is pointing into the stack for thread: 0x000001745901da00
RBP=0x0000017463b36c20 points into unknown readable memory: 0x000000061e81a028 | 28 a0 81 1e 06 00 00 00
RSI=0x0000007249aff100 is pointing into the stack for thread: 0x000001745901da00
RDI=0x0000017463b36c20 points into unknown readable memory: 0x000000061e81a028 | 28 a0 81 1e 06 00 00 00
R8 =0x0000000000000042 is an unknown value
R9 =0x000000061e81a028 is an oop: java.lang.Thread 
{0x000000061e81a028} - klass: 'java/lang/Thread' - flags: 

 - ---- fields (total size 14 words):
 - 'threadLocalRandomProbe' 'I' @12  0 (0x00000000)
 - private volatile 'eetop' 'J' @16  1599612154288 (0x00000174705071b0)
 - private final 'tid' 'J' @24  3 (0x0000000000000003)
 - 'threadLocalRandomSeed' 'J' @32  0 (0x0000000000000000)
 - injected 'jvmti_thread_state' 'J' @40  1599395752192 (0x00000174636a6900)
 - 'threadLocalRandomSecondarySeed' 'I' @48  0 (0x00000000)
 - injected 'jvmti_VTMS_transition_disable_count' 'I' @52  0 (0x00000000)
 - injected 'jfr_epoch' 'S' @56  0 (0x0000)
 - volatile 'interrupted' 'Z' @58  false (0x00)
 - injected 'jvmti_is_in_VTMS_transition' 'Z' @59  false (0x00)
 - private volatile 'name' 'Ljava/lang/String;' @60  "main"{0x000000061ea70f68} (0xc3d4e1ed)
 - private volatile 'contextClassLoader' 'Ljava/lang/ClassLoader;' @64  a 'jdk/internal/loader/ClassLoaders$AppClassLoader'{0x000000061e809238} (0xc3d01247)
 - private final 'holder' 'Ljava/lang/Thread$FieldHolder;' @68  a 'java/lang/Thread$FieldHolder'{0x000000061ea70f40} (0xc3d4e1e8)
 - 'threadLocals' 'Ljava/lang/ThreadLocal$ThreadLocalMap;' @72  a 'java/lang/ThreadLocal$ThreadLocalMap'{0x000000061ea70be0} (0xc3d4e17c)
 - 'inheritableThreadLocals' 'Ljava/lang/ThreadLocal$ThreadLocalMap;' @76  null (0x00000000)
 - private 'scopedValueBindings' 'Ljava/lang/Object;' @80  a 'java/lang/Class'{0x00000007ffc7c280} = 'java/lang/Thread' (0xfff8f850)
 - final 'interruptLock' 'Ljava/lang/Object;' @84  a 'java/lang/Object'{0x000000061ea70bd0} (0xc3d4e17a)
 - private volatile 'parkBlocker' 'Ljava/lang/Object;' @88  a 'java/util/concurrent/CountDownLatch$Sync'{0x000000061e81a008} (0xc3d03401)
 - private 'nioBlocker' 'Lsun/nio/ch/Interruptible;' @92  null (0x00000000)
 - private 'cont' 'Ljdk/internal/vm/Continuation;' @96  null (0x00000000)
 - private volatile 'uncaughtExceptionHandler' 'Ljava/lang/Thread$UncaughtExceptionHandler;' @100  null (0x00000000)
 - private 'container' 'Ljdk/internal/vm/ThreadContainer;' @104  null (0x00000000)
 - private volatile 'headStackableScopes' 'Ljdk/internal/vm/StackableScope;' @108  null (0x00000000)
R10=0x00007fffa5db9fc0 jvm.dll
R11=0x0000000000000004 is an unknown value
R12=0x0000007249aff100 is pointing into the stack for thread: 0x000001745901da00
R13=0x000001746358ede0 points into unknown readable memory: 0x00007fffa5d2a510 | 10 a5 d2 a5 ff 7f 00 00
R14=0x000001745901ddc8 points into unknown readable memory: 0x00007fffa5d217b0 | b0 17 d2 a5 ff 7f 00 00
R15=0x000001745901ddc8 points into unknown readable memory: 0x00007fffa5d217b0 | b0 17 d2 a5 ff 7f 00 00

Top of Stack: (sp=0x0000007249afef90)
0x0000007249afef90:   0000007249aff100 0000017463b36c20   ...Ir... l.ct...
0x0000007249afefa0:   0000000000000000 000001745901e150   ........P..Yt...
0x0000007249afefb0:   0000000000000059 00007fff4e6434db   Y........4dN....
0x0000007249afefc0:   0000000000000000 000001745901ddc8   ...........Yt...
0x0000007249afefd0:   0000007249aff101 0000000000000000   ...Ir...........
0x0000007249afefe0:   0000017459738190 00007fff4e642134   ..sYt...4!dN....
0x0000007249afeff0:   0000000000000000 0000000000000059   ........Y.......
0x0000007249aff000:   0000000000000000 0000000000000059   ........Y.......
0x0000007249aff010:   0000001400000002 000001745e442560   ........`%D^t...
0x0000007249aff020:   0000017459738190 00000174597382f4   ..sYt.....sYt...
0x0000007249aff030:   0000017459738308 0000000000000df0   ..sYt...........
0x0000007249aff040:   0000000000000000 0000000000000000   ................
0x0000007249aff050:   0000000000000000 00007fffa55858e4   .........XX.....
0x0000007249aff060:   00007fff4e79ae00 0000000000002588   ..yN.....%......
0x0000007249aff070:   00007fff4e79ae00 00000000ffffffff   ..yN............
0x0000007249aff080:   0000000000000000 00007fff4e6429aa   .........)dN....
0x0000007249aff090:   000001745901ddc8 0000000000000000   ...Yt...........
0x0000007249aff0a0:   0000007249aff109 000001746358ede0   ...Ir.....Xct...
0x0000007249aff0b0:   0000000000000004 0000000000000048   ........H.......
0x0000007249aff0c0:   0000000800800310 0000000000000020   ........ .......
0x0000007249aff0d0:   000001745901ddc8 00007fff4e79ae00   ...Yt.....yN....
0x0000007249aff0e0:   0000017472a93a80 00000174636a6900   .:.rt....ijct...
0x0000007249aff0f0:   0000000800800390 000001745901ddc8   ...........Yt...
0x0000007249aff100:   000001746b25a170 000001746b25ac90   p.%kt.....%kt...
0x0000007249aff110:   000001746b25ac90 00007fff4e79ae00   ..%kt.....yN....
0x0000007249aff120:   0000017463852988 0000007249aff298   .).ct......Ir...
0x0000007249aff130:   0000007249aff3d0 0000000000008840   ...Ir...@.......
0x0000007249aff140:   0000007249aff5b0 00007fff4e79ae50   ...Ir...P.yN....
0x0000007249aff150:   0000000000989680 0000000000989680   ................
0x0000007249aff160:   0000007249aff270 00007fff4e63d561   p..Ir...a.cN....
0x0000007249aff170:   00007fff4e79ae00 00007fff4e79ae58   ..yN....X.yN....
0x0000007249aff180:   00007fff00000000 00007fff00000001   ................

Instructions: (pc=0x00007fff4e643004)
  0x00007fff4e642f04:   cc cc cc cc cc cc cc cc cc cc cc cc cc cc cc cc
  0x00007fff4e642f14:   cc cc cc cc cc cc cc cc cc cc cc cc cc cc cc cc
  0x00007fff4e642f24:   cc cc cc cc cc cc cc cc cc cc cc cc cc cc cc cc
  0x00007fff4e642f34:   cc cc cc cc cc cc cc cc cc cc cc cc cc cc cc cc
  0x00007fff4e642f44:   cc cc cc cc cc cc cc cc cc cc cc cc cc cc cc cc
  0x00007fff4e642f54:   cc cc cc cc cc cc cc cc cc cc cc cc cc cc cc cc
  0x00007fff4e642f64:   cc cc cc cc cc cc cc cc cc cc cc cc cc cc cc cc
  0x00007fff4e642f74:   cc cc cc cc cc cc cc cc cc cc cc cc cc cc cc cc
  0x00007fff4e642f84:   cc cc cc cc cc cc cc cc cc cc cc cc 40 57 48 83
  0x00007fff4e642f94:   ec 20 48 8b f9 48 8b 0d 30 80 15 00 48 85 c9 74
  0x00007fff4e642fa4:   20 48 8b 01 48 8d 54 24 38 41 b8 06 00 01 00 4c
  0x00007fff4e642fb4:   8b 48 30 41 ff d1 85 c0 75 07 48 8b 4c 24 38 eb
  0x00007fff4e642fc4:   02 33 c9 4c 8b 05 0a 81 15 00 48 89 5c 24 30 4d
  0x00007fff4e642fd4:   85 c0 74 4a 48 8b 01 48 8b d7 4c 8b 88 28 03 00
  0x00007fff4e642fe4:   00 41 ff d1 48 85 c0 74 35 48 63 0d b8 3d 15 00
  0x00007fff4e642ff4:   48 8b 14 01 48 85 d2 74 15 48 63 05 bc 3d 15 00
=>0x00007fff4e643004:   8b 04 10 48 8b 5c 24 30 48 83 c4 20 5f c3 b8 ff
  0x00007fff4e643014:   ff ff ff 48 8b 5c 24 30 48 83 c4 20 5f c3 80 3d
  0x00007fff4e643024:   bb 7f 15 00 00 bb ff ff ff ff 74 20 4c 8b 0d 51
  0x00007fff4e643034:   7c 15 00 4c 8d 44 24 38 48 8b 0d 35 7c 15 00 48
  0x00007fff4e643044:   8b d7 41 ff d1 85 c0 0f 44 5c 24 38 8b c3 48 8b
  0x00007fff4e643054:   5c 24 30 48 83 c4 20 5f c3 cc cc cc cc cc cc cc
  0x00007fff4e643064:   cc cc cc cc cc cc cc cc cc cc cc cc cc cc cc cc
  0x00007fff4e643074:   cc cc cc cc cc cc cc cc cc cc cc cc cc cc cc cc
  0x00007fff4e643084:   cc cc cc cc cc cc cc cc cc cc cc cc 48 89 54 24
  0x00007fff4e643094:   10 53 55 56 57 41 56 41 57 48 83 ec 28 48 8b f2
  0x00007fff4e6430a4:   4c 8b f1 48 89 4c 24 78 45 33 ff 44 89 7c 24 68
  0x00007fff4e6430b4:   c7 44 24 60 01 00 00 00 48 8d 4c 24 68 e8 69 3c
  0x00007fff4e6430c4:   f7 ff 8b d8 48 8d 4c 24 60 e8 5d 3c f7 ff 8b e8
  0x00007fff4e6430d4:   49 8b ce e8 33 f3 f6 ff 48 8b f8 90 8b c3 f0 0f
  0x00007fff4e6430e4:   b1 2f 74 04 f3 90 eb f4 4c 89 3e 4c 89 7e 08 4c
  0x00007fff4e6430f4:   89 7e 10 49 8b 6e 08 4d 8b 76 10 49 3b ee 0f 84


Stack slot to memory mapping:

stack at sp + 0 slots: 0x0000007249aff100 is pointing into the stack for thread: 0x000001745901da00
stack at sp + 1 slots: 0x0000017463b36c20 points into unknown readable memory: 0x000000061e81a028 | 28 a0 81 1e 06 00 00 00
stack at sp + 2 slots: 0x0 is null
stack at sp + 3 slots: 0x000001745901e150 points into unknown readable memory: 0x6e616c2e6176616a | 6a 61 76 61 2e 6c 61 6e
stack at sp + 4 slots: 0x0000000000000059 is an unknown value
stack at sp + 5 slots: 0x00007fff4e6434db points into unknown readable memory: 44 8b d8 83 f8
stack at sp + 6 slots: 0x0 is null
stack at sp + 7 slots: 0x000001745901ddc8 points into unknown readable memory: 0x00007fffa5d217b0 | b0 17 d2 a5 ff 7f 00 00

Lock stack of current Java thread (top to bottom):


---------------  P R O C E S S  ---------------

Threads class SMR info:
_java_thread_list=0x000001746b1d5870, length=25, elements={
0x00000174705071b0, 0x0000017459014d30, 0x0000017459015670, 0x000001745901ced0,
0x000001745901da00, 0x000001745901f0a0, 0x0000017459020870, 0x000001745902c1e0,
0x000001745902cd60, 0x0000017459102d20, 0x000001745999d670, 0x00000174593ceb60,
0x000001745e8606f0, 0x000001745e740de0, 0x000001745e7d82b0, 0x000001745e927cd0,
0x000001745e92ecc0, 0x000001745e8335c0, 0x000001745e84a3c0, 0x000001745ed24e80,
0x000001745ed255d0, 0x000001745ed23890, 0x00000174596f1180, 0x00000174637cf7d0,
0x00000174637d56e0
}

Java Threads: ( => current thread )
  0x00000174705071b0 JavaThread "main"                              [_thread_blocked, id=5024, stack(0x0000007248f00000,0x0000007249000000) (1024K)]
  0x0000017459014d30 JavaThread "Reference Handler"          daemon [_thread_blocked, id=33324, stack(0x0000007249700000,0x0000007249800000) (1024K)]
  0x0000017459015670 JavaThread "Finalizer"                  daemon [_thread_blocked, id=32796, stack(0x0000007249800000,0x0000007249900000) (1024K)]
  0x000001745901ced0 JavaThread "Signal Dispatcher"          daemon [_thread_blocked, id=32744, stack(0x0000007249900000,0x0000007249a00000) (1024K)]
=>0x000001745901da00 JavaThread "Attach Listener"            daemon [_thread_in_native, id=23044, stack(0x0000007249a00000,0x0000007249b00000) (1024K)]
  0x000001745901f0a0 JavaThread "Service Thread"             daemon [_thread_blocked, id=33000, stack(0x0000007249b00000,0x0000007249c00000) (1024K)]
  0x0000017459020870 JavaThread "Monitor Deflation Thread"   daemon [_thread_blocked, id=15116, stack(0x0000007249c00000,0x0000007249d00000) (1024K)]
  0x000001745902c1e0 JavaThread "C2 CompilerThread0"         daemon [_thread_blocked, id=5692, stack(0x0000007249d00000,0x0000007249e00000) (1024K)]
  0x000001745902cd60 JavaThread "C1 CompilerThread0"         daemon [_thread_blocked, id=32948, stack(0x0000007249e00000,0x0000007249f00000) (1024K)]
  0x0000017459102d20 JavaThread "Common-Cleaner"             daemon [_thread_blocked, id=32928, stack(0x000000724a000000,0x000000724a100000) (1024K)]
  0x000001745999d670 JavaThread "Monitor Ctrl-Break"         daemon [_thread_in_native, id=30652, stack(0x000000724a800000,0x000000724a900000) (1024K)]
  0x00000174593ceb60 JavaThread "Notification Thread"        daemon [_thread_blocked, id=32980, stack(0x000000724a900000,0x000000724aa00000) (1024K)]
  0x000001745e8606f0 JavaThread "QuantumRenderer-0"          daemon [_thread_blocked, id=2304, stack(0x000000724aa00000,0x000000724ab00000) (1024K)]
  0x000001745e740de0 JavaThread "RMI TCP Accept-0"           daemon [_thread_in_native, id=33468, stack(0x000000724ab00000,0x000000724ac00000) (1024K)]
  0x000001745e7d82b0 JavaThread "RMI TCP Connection(1)-192.168.56.1" daemon [_thread_in_native, id=33424, stack(0x000000724ad00000,0x000000724ae00000) (1024K)]
  0x000001745e927cd0 JavaThread "RMI Scheduler(0)"           daemon [_thread_blocked, id=30408, stack(0x000000724ae00000,0x000000724af00000) (1024K)]
  0x000001745e92ecc0 JavaThread "JMX server connection timeout 41" daemon [_thread_blocked, id=23716, stack(0x000000724af00000,0x000000724b000000) (1024K)]
  0x000001745e8335c0 JavaThread "InvokeLaterDispatcher"      daemon [_thread_blocked, id=15740, stack(0x000000724b000000,0x000000724b100000) (1024K)]
  0x000001745e84a3c0 JavaThread "JavaFX Application Thread"         [_thread_in_native, id=17484, stack(0x000000724b100000,0x000000724b200000) (1024K)]
  0x000001745ed24e80 JavaThread "JavaFX-Launcher"                   [_thread_blocked, id=3740, stack(0x000000724a600000,0x000000724a700000) (1024K)]
  0x000001745ed255d0 JavaThread "Thread-2"                   daemon [_thread_in_native, id=31944, stack(0x000000724a300000,0x000000724a400000) (1024K)]
  0x000001745ed23890 JavaThread "Prism Font Disposer"        daemon [_thread_blocked, id=2460, stack(0x000000724a100000,0x000000724a200000) (1024K)]
  0x00000174596f1180 JavaThread "C1 CompilerThread1"         daemon [_thread_blocked, id=6288, stack(0x000000724a200000,0x000000724a300000) (1024K)]
  0x00000174637cf7d0 JavaThread "JFR Recorder Thread"        daemon [_thread_in_native, id=11696, stack(0x000000724bd00000,0x000000724be00000) (1024K)]
  0x00000174637d56e0 JavaThread "JFR Periodic Tasks"         daemon [_thread_blocked, id=3568, stack(0x000000724c300000,0x000000724c400000) (1024K)]
Total: 25

Other Threads:
  0x0000017459003d00 VMThread "VM Thread"                           [id=32996, stack(0x0000007249600000,0x0000007249700000) (1024K)]
  0x000001747ded4960 WatcherThread "VM Periodic Task Thread"        [id=2584, stack(0x0000007249500000,0x0000007249600000) (1024K)]
  0x000001747dd1fd10 WorkerThread "GC Thread#0"                     [id=29996, stack(0x0000007249000000,0x0000007249100000) (1024K)]
  0x000001745efbdb60 WorkerThread "GC Thread#1"                     [id=31240, stack(0x000000724a700000,0x000000724a800000) (1024K)]
  0x000001745efbd7b0 WorkerThread "GC Thread#2"                     [id=12060, stack(0x000000724b300000,0x000000724b400000) (1024K)]
  0x000001745efbdf10 WorkerThread "GC Thread#3"                     [id=32452, stack(0x000000724b400000,0x000000724b500000) (1024K)]
  0x000001745efbedd0 WorkerThread "GC Thread#4"                     [id=432, stack(0x000000724b500000,0x000000724b600000) (1024K)]
  0x000001745efbd400 WorkerThread "GC Thread#5"                     [id=16180, stack(0x000000724b600000,0x000000724b700000) (1024K)]
  0x000001745efbe2c0 WorkerThread "GC Thread#6"                     [id=4408, stack(0x000000724b700000,0x000000724b800000) (1024K)]
  0x000001745efbe670 WorkerThread "GC Thread#7"                     [id=32168, stack(0x000000724b800000,0x000000724b900000) (1024K)]
  0x000001745efbea20 WorkerThread "GC Thread#8"                     [id=30996, stack(0x000000724b900000,0x000000724ba00000) (1024K)]
  0x000001745ef30950 WorkerThread "GC Thread#9"                     [id=28996, stack(0x000000724ba00000,0x000000724bb00000) (1024K)]
  0x000001745ef31bc0 WorkerThread "GC Thread#10"                    [id=26408, stack(0x000000724bb00000,0x000000724bc00000) (1024K)]
  0x000001745ef301f0 WorkerThread "GC Thread#11"                    [id=5460, stack(0x000000724bc00000,0x000000724bd00000) (1024K)]
  0x0000017472a5b8e0 ConcurrentGCThread "G1 Main Marker"            [id=32932, stack(0x0000007249100000,0x0000007249200000) (1024K)]
  0x0000017472a5c300 WorkerThread "G1 Conc#0"                       [id=32964, stack(0x0000007249200000,0x0000007249300000) (1024K)]
  0x000001747dda4170 ConcurrentGCThread "G1 Refine#0"               [id=32960, stack(0x0000007249300000,0x0000007249400000) (1024K)]
  0x000001747dda5ba0 ConcurrentGCThread "G1 Service"                [id=32988, stack(0x0000007249400000,0x0000007249500000) (1024K)]
Total: 18

Threads with active compile tasks:
Total: 0

VM state: not at safepoint (normal execution)

VM Mutex/Monitor currently owned by a thread: None

Heap address: 0x0000000601c00000, size: 8164 MB, Compressed Oops mode: Zero based, Oop shift amount: 3

CDS archive(s) mapped at: [0x0000017418000000-0x0000017418d40000-0x0000017418d40000), size 13893632, SharedBaseAddress: 0x0000017418000000, ArchiveRelocationMode: 1.
Compressed class space mapped at: 0x0000017419000000-0x0000017459000000, reserved size: 1073741824
UseCompressedClassPointers 1, UseCompactObjectHeaders 0
Narrow klass pointer bits 32, Max shift 3
Narrow klass base: 0x0000017418000000, Narrow klass shift: 0
Encoding Range: [0x0000017418000000 - 0x0000017518000000), (4294967296 bytes)
Klass Range:    [0x0000017418000000 - 0x0000017459000000), (1090519040 bytes)
Klass ID Range:  [8 - 1090519033) (1090519025)

GC Precious Log:
 CardTable entry size: 512
 Card Set container configuration: InlinePtr #cards 4 size 8 Array Of Cards #cards 32 size 80 Howl #buckets 8 coarsen threshold 7372 Howl Bitmap #cards 1024 size 144 coarsen threshold 921 Card regions per heap region 1 cards per card region 8192
 CPUs: 16 total, 16 available
 Memory: 32652M
 Large Page Support: Disabled
 NUMA Support: Disabled
 Compressed Oops: Enabled (Zero based)
 Heap Region Size: 4M
 Heap Min Capacity: 8M
 Heap Initial Capacity: 512M
 Heap Max Capacity: 8164M
 Pre-touch: Disabled
 Parallel Workers: 13
 Concurrent Workers: 3
 Concurrent Refinement Workers: 13
 Periodic GC: Disabled

Heap:
 garbage-first heap   total reserved 8359936K, committed 528384K, used 58619K [0x0000000601c00000, 0x0000000800000000)
  region size 4096K, 14 young (57344K), 2 survivors (8192K)
 Metaspace       used 18738K, committed 19072K, reserved 1114112K
  class space    used 2100K, committed 2240K, reserved 1048576K

Heap Regions: E=young(eden), S=young(survivor), O=old, HS=humongous(starts), HC=humongous(continues), CS=collection set, F=free, TAMS=top-at-mark-start, PB=parsable bottom
|   0|0x0000000601c00000, 0x0000000602000000, 0x0000000602000000|100%|HS|  |TAMS 0x0000000601c00000| PB 0x0000000601c00000| Complete |  0
|   1|0x0000000602000000, 0x0000000602400000, 0x0000000602400000|100%|HC|  |TAMS 0x0000000602000000| PB 0x0000000602000000| Complete |  0
|   2|0x0000000602400000, 0x0000000602400000, 0x0000000602800000|  0%| F|  |TAMS 0x0000000602400000| PB 0x0000000602400000| Untracked |  0
|   3|0x0000000602800000, 0x0000000602800000, 0x0000000602c00000|  0%| F|  |TAMS 0x0000000602800000| PB 0x0000000602800000| Untracked |  0
|   4|0x0000000602c00000, 0x0000000602c00000, 0x0000000603000000|  0%| F|  |TAMS 0x0000000602c00000| PB 0x0000000602c00000| Untracked |  0
|   5|0x0000000603000000, 0x0000000603000000, 0x0000000603400000|  0%| F|  |TAMS 0x0000000603000000| PB 0x0000000603000000| Untracked |  0
|   6|0x0000000603400000, 0x0000000603400000, 0x0000000603800000|  0%| F|  |TAMS 0x0000000603400000| PB 0x0000000603400000| Untracked |  0
|   7|0x0000000603800000, 0x0000000603800000, 0x0000000603c00000|  0%| F|  |TAMS 0x0000000603800000| PB 0x0000000603800000| Untracked |  0
|   8|0x0000000603c00000, 0x0000000603c00000, 0x0000000604000000|  0%| F|  |TAMS 0x0000000603c00000| PB 0x0000000603c00000| Untracked |  0
|   9|0x0000000604000000, 0x0000000604000000, 0x0000000604400000|  0%| F|  |TAMS 0x0000000604000000| PB 0x0000000604000000| Untracked |  0
|  10|0x0000000604400000, 0x0000000604400000, 0x0000000604800000|  0%| F|  |TAMS 0x0000000604400000| PB 0x0000000604400000| Untracked |  0
|  11|0x0000000604800000, 0x0000000604800000, 0x0000000604c00000|  0%| F|  |TAMS 0x0000000604800000| PB 0x0000000604800000| Untracked |  0
|  12|0x0000000604c00000, 0x0000000604c00000, 0x0000000605000000|  0%| F|  |TAMS 0x0000000604c00000| PB 0x0000000604c00000| Untracked |  0
|  13|0x0000000605000000, 0x0000000605000000, 0x0000000605400000|  0%| F|  |TAMS 0x0000000605000000| PB 0x0000000605000000| Untracked |  0
|  14|0x0000000605400000, 0x0000000605400000, 0x0000000605800000|  0%| F|  |TAMS 0x0000000605400000| PB 0x0000000605400000| Untracked |  0
|  15|0x0000000605800000, 0x0000000605800000, 0x0000000605c00000|  0%| F|  |TAMS 0x0000000605800000| PB 0x0000000605800000| Untracked |  0
|  16|0x0000000605c00000, 0x0000000605c00000, 0x0000000606000000|  0%| F|  |TAMS 0x0000000605c00000| PB 0x0000000605c00000| Untracked |  0
|  17|0x0000000606000000, 0x0000000606000000, 0x0000000606400000|  0%| F|  |TAMS 0x0000000606000000| PB 0x0000000606000000| Untracked |  0
|  18|0x0000000606400000, 0x0000000606400000, 0x0000000606800000|  0%| F|  |TAMS 0x0000000606400000| PB 0x0000000606400000| Untracked |  0
|  19|0x0000000606800000, 0x0000000606800000, 0x0000000606c00000|  0%| F|  |TAMS 0x0000000606800000| PB 0x0000000606800000| Untracked |  0
|  20|0x0000000606c00000, 0x0000000606c00000, 0x0000000607000000|  0%| F|  |TAMS 0x0000000606c00000| PB 0x0000000606c00000| Untracked |  0
|  21|0x0000000607000000, 0x0000000607000000, 0x0000000607400000|  0%| F|  |TAMS 0x0000000607000000| PB 0x0000000607000000| Untracked |  0
|  22|0x0000000607400000, 0x0000000607400000, 0x0000000607800000|  0%| F|  |TAMS 0x0000000607400000| PB 0x0000000607400000| Untracked |  0
|  23|0x0000000607800000, 0x0000000607800000, 0x0000000607c00000|  0%| F|  |TAMS 0x0000000607800000| PB 0x0000000607800000| Untracked |  0
|  24|0x0000000607c00000, 0x0000000607c00000, 0x0000000608000000|  0%| F|  |TAMS 0x0000000607c00000| PB 0x0000000607c00000| Untracked |  0
|  25|0x0000000608000000, 0x0000000608000000, 0x0000000608400000|  0%| F|  |TAMS 0x0000000608000000| PB 0x0000000608000000| Untracked |  0
|  26|0x0000000608400000, 0x0000000608400000, 0x0000000608800000|  0%| F|  |TAMS 0x0000000608400000| PB 0x0000000608400000| Untracked |  0
|  27|0x0000000608800000, 0x0000000608800000, 0x0000000608c00000|  0%| F|  |TAMS 0x0000000608800000| PB 0x0000000608800000| Untracked |  0
|  28|0x0000000608c00000, 0x0000000608c00000, 0x0000000609000000|  0%| F|  |TAMS 0x0000000608c00000| PB 0x0000000608c00000| Untracked |  0
|  29|0x0000000609000000, 0x0000000609000000, 0x0000000609400000|  0%| F|  |TAMS 0x0000000609000000| PB 0x0000000609000000| Untracked |  0
|  30|0x0000000609400000, 0x0000000609400000, 0x0000000609800000|  0%| F|  |TAMS 0x0000000609400000| PB 0x0000000609400000| Untracked |  0
|  31|0x0000000609800000, 0x0000000609800000, 0x0000000609c00000|  0%| F|  |TAMS 0x0000000609800000| PB 0x0000000609800000| Untracked |  0
|  32|0x0000000609c00000, 0x0000000609c00000, 0x000000060a000000|  0%| F|  |TAMS 0x0000000609c00000| PB 0x0000000609c00000| Untracked |  0
|  33|0x000000060a000000, 0x000000060a000000, 0x000000060a400000|  0%| F|  |TAMS 0x000000060a000000| PB 0x000000060a000000| Untracked |  0
|  34|0x000000060a400000, 0x000000060a400000, 0x000000060a800000|  0%| F|  |TAMS 0x000000060a400000| PB 0x000000060a400000| Untracked |  0
|  35|0x000000060a800000, 0x000000060a800000, 0x000000060ac00000|  0%| F|  |TAMS 0x000000060a800000| PB 0x000000060a800000| Untracked |  0
|  36|0x000000060ac00000, 0x000000060ac00000, 0x000000060b000000|  0%| F|  |TAMS 0x000000060ac00000| PB 0x000000060ac00000| Untracked |  0
|  37|0x000000060b000000, 0x000000060b000000, 0x000000060b400000|  0%| F|  |TAMS 0x000000060b000000| PB 0x000000060b000000| Untracked |  0
|  38|0x000000060b400000, 0x000000060b400000, 0x000000060b800000|  0%| F|  |TAMS 0x000000060b400000| PB 0x000000060b400000| Untracked |  0
|  39|0x000000060b800000, 0x000000060b800000, 0x000000060bc00000|  0%| F|  |TAMS 0x000000060b800000| PB 0x000000060b800000| Untracked |  0
|  40|0x000000060bc00000, 0x000000060bc00000, 0x000000060c000000|  0%| F|  |TAMS 0x000000060bc00000| PB 0x000000060bc00000| Untracked |  0
|  41|0x000000060c000000, 0x000000060c000000, 0x000000060c400000|  0%| F|  |TAMS 0x000000060c000000| PB 0x000000060c000000| Untracked |  0
|  42|0x000000060c400000, 0x000000060c400000, 0x000000060c800000|  0%| F|  |TAMS 0x000000060c400000| PB 0x000000060c400000| Untracked |  0
|  43|0x000000060c800000, 0x000000060c800000, 0x000000060cc00000|  0%| F|  |TAMS 0x000000060c800000| PB 0x000000060c800000| Untracked |  0
|  44|0x000000060cc00000, 0x000000060cc00000, 0x000000060d000000|  0%| F|  |TAMS 0x000000060cc00000| PB 0x000000060cc00000| Untracked |  0
|  45|0x000000060d000000, 0x000000060d000000, 0x000000060d400000|  0%| F|  |TAMS 0x000000060d000000| PB 0x000000060d000000| Untracked |  0
|  46|0x000000060d400000, 0x000000060d400000, 0x000000060d800000|  0%| F|  |TAMS 0x000000060d400000| PB 0x000000060d400000| Untracked |  0
|  47|0x000000060d800000, 0x000000060d800000, 0x000000060dc00000|  0%| F|  |TAMS 0x000000060d800000| PB 0x000000060d800000| Untracked |  0
|  48|0x000000060dc00000, 0x000000060dc00000, 0x000000060e000000|  0%| F|  |TAMS 0x000000060dc00000| PB 0x000000060dc00000| Untracked |  0
|  49|0x000000060e000000, 0x000000060e000000, 0x000000060e400000|  0%| F|  |TAMS 0x000000060e000000| PB 0x000000060e000000| Untracked |  0
|  50|0x000000060e400000, 0x000000060e400000, 0x000000060e800000|  0%| F|  |TAMS 0x000000060e400000| PB 0x000000060e400000| Untracked |  0
|  51|0x000000060e800000, 0x000000060e800000, 0x000000060ec00000|  0%| F|  |TAMS 0x000000060e800000| PB 0x000000060e800000| Untracked |  0
|  52|0x000000060ec00000, 0x000000060ec00000, 0x000000060f000000|  0%| F|  |TAMS 0x000000060ec00000| PB 0x000000060ec00000| Untracked |  0
|  53|0x000000060f000000, 0x000000060f000000, 0x000000060f400000|  0%| F|  |TAMS 0x000000060f000000| PB 0x000000060f000000| Untracked |  0
|  54|0x000000060f400000, 0x000000060f400000, 0x000000060f800000|  0%| F|  |TAMS 0x000000060f400000| PB 0x000000060f400000| Untracked |  0
|  55|0x000000060f800000, 0x000000060f800000, 0x000000060fc00000|  0%| F|  |TAMS 0x000000060f800000| PB 0x000000060f800000| Untracked |  0
|  56|0x000000060fc00000, 0x000000060fc00000, 0x0000000610000000|  0%| F|  |TAMS 0x000000060fc00000| PB 0x000000060fc00000| Untracked |  0
|  57|0x0000000610000000, 0x0000000610000000, 0x0000000610400000|  0%| F|  |TAMS 0x0000000610000000| PB 0x0000000610000000| Untracked |  0
|  58|0x0000000610400000, 0x0000000610400000, 0x0000000610800000|  0%| F|  |TAMS 0x0000000610400000| PB 0x0000000610400000| Untracked |  0
|  59|0x0000000610800000, 0x0000000610800000, 0x0000000610c00000|  0%| F|  |TAMS 0x0000000610800000| PB 0x0000000610800000| Untracked |  0
|  60|0x0000000610c00000, 0x0000000610c00000, 0x0000000611000000|  0%| F|  |TAMS 0x0000000610c00000| PB 0x0000000610c00000| Untracked |  0
|  61|0x0000000611000000, 0x0000000611000000, 0x0000000611400000|  0%| F|  |TAMS 0x0000000611000000| PB 0x0000000611000000| Untracked |  0
|  62|0x0000000611400000, 0x0000000611400000, 0x0000000611800000|  0%| F|  |TAMS 0x0000000611400000| PB 0x0000000611400000| Untracked |  0
|  63|0x0000000611800000, 0x0000000611800000, 0x0000000611c00000|  0%| F|  |TAMS 0x0000000611800000| PB 0x0000000611800000| Untracked |  0
|  64|0x0000000611c00000, 0x0000000611c00000, 0x0000000612000000|  0%| F|  |TAMS 0x0000000611c00000| PB 0x0000000611c00000| Untracked |  0
|  65|0x0000000612000000, 0x0000000612000000, 0x0000000612400000|  0%| F|  |TAMS 0x0000000612000000| PB 0x0000000612000000| Untracked |  0
|  66|0x0000000612400000, 0x0000000612400000, 0x0000000612800000|  0%| F|  |TAMS 0x0000000612400000| PB 0x0000000612400000| Untracked |  0
|  67|0x0000000612800000, 0x0000000612800000, 0x0000000612c00000|  0%| F|  |TAMS 0x0000000612800000| PB 0x0000000612800000| Untracked |  0
|  68|0x0000000612c00000, 0x0000000612c00000, 0x0000000613000000|  0%| F|  |TAMS 0x0000000612c00000| PB 0x0000000612c00000| Untracked |  0
|  69|0x0000000613000000, 0x0000000613000000, 0x0000000613400000|  0%| F|  |TAMS 0x0000000613000000| PB 0x0000000613000000| Untracked |  0
|  70|0x0000000613400000, 0x0000000613400000, 0x0000000613800000|  0%| F|  |TAMS 0x0000000613400000| PB 0x0000000613400000| Untracked |  0
|  71|0x0000000613800000, 0x0000000613800000, 0x0000000613c00000|  0%| F|  |TAMS 0x0000000613800000| PB 0x0000000613800000| Untracked |  0
|  72|0x0000000613c00000, 0x0000000613c00000, 0x0000000614000000|  0%| F|  |TAMS 0x0000000613c00000| PB 0x0000000613c00000| Untracked |  0
|  73|0x0000000614000000, 0x0000000614000000, 0x0000000614400000|  0%| F|  |TAMS 0x0000000614000000| PB 0x0000000614000000| Untracked |  0
|  74|0x0000000614400000, 0x0000000614400000, 0x0000000614800000|  0%| F|  |TAMS 0x0000000614400000| PB 0x0000000614400000| Untracked |  0
|  75|0x0000000614800000, 0x0000000614800000, 0x0000000614c00000|  0%| F|  |TAMS 0x0000000614800000| PB 0x0000000614800000| Untracked |  0
|  76|0x0000000614c00000, 0x0000000614c00000, 0x0000000615000000|  0%| F|  |TAMS 0x0000000614c00000| PB 0x0000000614c00000| Untracked |  0
|  77|0x0000000615000000, 0x0000000615000000, 0x0000000615400000|  0%| F|  |TAMS 0x0000000615000000| PB 0x0000000615000000| Untracked |  0
|  78|0x0000000615400000, 0x0000000615400000, 0x0000000615800000|  0%| F|  |TAMS 0x0000000615400000| PB 0x0000000615400000| Untracked |  0
|  79|0x0000000615800000, 0x0000000615800000, 0x0000000615c00000|  0%| F|  |TAMS 0x0000000615800000| PB 0x0000000615800000| Untracked |  0
|  80|0x0000000615c00000, 0x0000000615c00000, 0x0000000616000000|  0%| F|  |TAMS 0x0000000615c00000| PB 0x0000000615c00000| Untracked |  0
|  81|0x0000000616000000, 0x0000000616000000, 0x0000000616400000|  0%| F|  |TAMS 0x0000000616000000| PB 0x0000000616000000| Untracked |  0
|  82|0x0000000616400000, 0x0000000616400000, 0x0000000616800000|  0%| F|  |TAMS 0x0000000616400000| PB 0x0000000616400000| Untracked |  0
|  83|0x0000000616800000, 0x0000000616800000, 0x0000000616c00000|  0%| F|  |TAMS 0x0000000616800000| PB 0x0000000616800000| Untracked |  0
|  84|0x0000000616c00000, 0x0000000616c00000, 0x0000000617000000|  0%| F|  |TAMS 0x0000000616c00000| PB 0x0000000616c00000| Untracked |  0
|  85|0x0000000617000000, 0x0000000617000000, 0x0000000617400000|  0%| F|  |TAMS 0x0000000617000000| PB 0x0000000617000000| Untracked |  0
|  86|0x0000000617400000, 0x0000000617400000, 0x0000000617800000|  0%| F|  |TAMS 0x0000000617400000| PB 0x0000000617400000| Untracked |  0
|  87|0x0000000617800000, 0x0000000617800000, 0x0000000617c00000|  0%| F|  |TAMS 0x0000000617800000| PB 0x0000000617800000| Untracked |  0
|  88|0x0000000617c00000, 0x0000000617c00000, 0x0000000618000000|  0%| F|  |TAMS 0x0000000617c00000| PB 0x0000000617c00000| Untracked |  0
|  89|0x0000000618000000, 0x0000000618000000, 0x0000000618400000|  0%| F|  |TAMS 0x0000000618000000| PB 0x0000000618000000| Untracked |  0
|  90|0x0000000618400000, 0x0000000618400000, 0x0000000618800000|  0%| F|  |TAMS 0x0000000618400000| PB 0x0000000618400000| Untracked |  0
|  91|0x0000000618800000, 0x0000000618800000, 0x0000000618c00000|  0%| F|  |TAMS 0x0000000618800000| PB 0x0000000618800000| Untracked |  0
|  92|0x0000000618c00000, 0x0000000618c00000, 0x0000000619000000|  0%| F|  |TAMS 0x0000000618c00000| PB 0x0000000618c00000| Untracked |  0
|  93|0x0000000619000000, 0x0000000619000000, 0x0000000619400000|  0%| F|  |TAMS 0x0000000619000000| PB 0x0000000619000000| Untracked |  0
|  94|0x0000000619400000, 0x0000000619400000, 0x0000000619800000|  0%| F|  |TAMS 0x0000000619400000| PB 0x0000000619400000| Untracked |  0
|  95|0x0000000619800000, 0x0000000619800000, 0x0000000619c00000|  0%| F|  |TAMS 0x0000000619800000| PB 0x0000000619800000| Untracked |  0
|  96|0x0000000619c00000, 0x0000000619c00000, 0x000000061a000000|  0%| F|  |TAMS 0x0000000619c00000| PB 0x0000000619c00000| Untracked |  0
|  97|0x000000061a000000, 0x000000061a000000, 0x000000061a400000|  0%| F|  |TAMS 0x000000061a000000| PB 0x000000061a000000| Untracked |  0
|  98|0x000000061a400000, 0x000000061a400000, 0x000000061a800000|  0%| F|  |TAMS 0x000000061a400000| PB 0x000000061a400000| Untracked |  0
|  99|0x000000061a800000, 0x000000061a800000, 0x000000061ac00000|  0%| F|  |TAMS 0x000000061a800000| PB 0x000000061a800000| Untracked |  0
| 100|0x000000061ac00000, 0x000000061ac00000, 0x000000061b000000|  0%| F|  |TAMS 0x000000061ac00000| PB 0x000000061ac00000| Untracked |  0
| 101|0x000000061b000000, 0x000000061b000000, 0x000000061b400000|  0%| F|  |TAMS 0x000000061b000000| PB 0x000000061b000000| Untracked |  0
| 102|0x000000061b400000, 0x000000061b400000, 0x000000061b800000|  0%| F|  |TAMS 0x000000061b400000| PB 0x000000061b400000| Untracked |  0
| 103|0x000000061b800000, 0x000000061b800000, 0x000000061bc00000|  0%| F|  |TAMS 0x000000061b800000| PB 0x000000061b800000| Untracked |  0
| 104|0x000000061bc00000, 0x000000061bc00000, 0x000000061c000000|  0%| F|  |TAMS 0x000000061bc00000| PB 0x000000061bc00000| Untracked |  0
| 105|0x000000061c000000, 0x000000061c000000, 0x000000061c400000|  0%| F|  |TAMS 0x000000061c000000| PB 0x000000061c000000| Untracked |  0
| 106|0x000000061c400000, 0x000000061c400000, 0x000000061c800000|  0%| F|  |TAMS 0x000000061c400000| PB 0x000000061c400000| Untracked |  0
| 107|0x000000061c800000, 0x000000061c800000, 0x000000061cc00000|  0%| F|  |TAMS 0x000000061c800000| PB 0x000000061c800000| Untracked |  0
| 108|0x000000061cc00000, 0x000000061cc00000, 0x000000061d000000|  0%| F|  |TAMS 0x000000061cc00000| PB 0x000000061cc00000| Untracked |  0
| 109|0x000000061d000000, 0x000000061d000000, 0x000000061d400000|  0%| F|  |TAMS 0x000000061d000000| PB 0x000000061d000000| Untracked |  0
| 110|0x000000061d400000, 0x000000061d400000, 0x000000061d800000|  0%| F|  |TAMS 0x000000061d400000| PB 0x000000061d400000| Untracked |  0
| 111|0x000000061d800000, 0x000000061d800000, 0x000000061dc00000|  0%| F|  |TAMS 0x000000061d800000| PB 0x000000061d800000| Untracked |  0
| 112|0x000000061dc00000, 0x000000061dc00000, 0x000000061e000000|  0%| F|  |TAMS 0x000000061dc00000| PB 0x000000061dc00000| Untracked |  0
| 113|0x000000061e000000, 0x000000061e000000, 0x000000061e400000|  0%| F|  |TAMS 0x000000061e000000| PB 0x000000061e000000| Untracked |  0
| 114|0x000000061e400000, 0x000000061e422aa0, 0x000000061e800000|  3%| S|CS|TAMS 0x000000061e400000| PB 0x000000061e400000| Complete |  0
| 115|0x000000061e800000, 0x000000061ec00000, 0x000000061ec00000|100%| S|CS|TAMS 0x000000061e800000| PB 0x000000061e800000| Complete |  0
| 116|0x000000061ec00000, 0x000000061ef6d7d8, 0x000000061f000000| 85%| E|  |TAMS 0x000000061ec00000| PB 0x000000061ec00000| Complete |  0
| 117|0x000000061f000000, 0x000000061f400000, 0x000000061f400000|100%| E|CS|TAMS 0x000000061f000000| PB 0x000000061f000000| Complete |  0
| 118|0x000000061f400000, 0x000000061f800000, 0x000000061f800000|100%| E|CS|TAMS 0x000000061f400000| PB 0x000000061f400000| Complete |  0
| 119|0x000000061f800000, 0x000000061fc00000, 0x000000061fc00000|100%| E|CS|TAMS 0x000000061f800000| PB 0x000000061f800000| Complete |  0
| 120|0x000000061fc00000, 0x0000000620000000, 0x0000000620000000|100%| E|CS|TAMS 0x000000061fc00000| PB 0x000000061fc00000| Complete |  0
| 121|0x0000000620000000, 0x0000000620400000, 0x0000000620400000|100%| E|CS|TAMS 0x0000000620000000| PB 0x0000000620000000| Complete |  0
| 122|0x0000000620400000, 0x0000000620800000, 0x0000000620800000|100%| E|CS|TAMS 0x0000000620400000| PB 0x0000000620400000| Complete |  0
| 123|0x0000000620800000, 0x0000000620c00000, 0x0000000620c00000|100%| E|CS|TAMS 0x0000000620800000| PB 0x0000000620800000| Complete |  0
| 124|0x0000000620c00000, 0x0000000621000000, 0x0000000621000000|100%| E|CS|TAMS 0x0000000620c00000| PB 0x0000000620c00000| Complete |  0
| 125|0x0000000621000000, 0x0000000621400000, 0x0000000621400000|100%| E|CS|TAMS 0x0000000621000000| PB 0x0000000621000000| Complete |  0
| 126|0x0000000621400000, 0x0000000621800000, 0x0000000621800000|100%| E|CS|TAMS 0x0000000621400000| PB 0x0000000621400000| Complete |  0
| 127|0x0000000621800000, 0x0000000621c00000, 0x0000000621c00000|100%| E|CS|TAMS 0x0000000621800000| PB 0x0000000621800000| Complete |  0
|2040|0x00000007ffc00000, 0x00000007ffd1c348, 0x0000000800000000| 27%| O|  |TAMS 0x00000007ffc00000| PB 0x00000007ffc00000| Untracked |  0

Card table byte_map: [0x000001747cc10000,0x000001747dc10000] _byte_map_base: 0x0000017479c02000

Marking Bits: (CMBitMap*) 0x000001747dd20420
 Bits: [0x000001740f000000, 0x0000017416f90000)

Polling page: 0x00000174707f0000

Metaspace:

Usage:
  Non-class:     16.25 MB used.
      Class:      2.05 MB used.
       Both:     18.30 MB used.

Virtual space:
  Non-class space:       64.00 MB reserved,      16.44 MB ( 26%) committed,  1 nodes.
      Class space:        1.00 GB reserved,       2.19 MB ( <1%) committed,  1 nodes.
             Both:        1.06 GB reserved,      18.62 MB (  2%) committed. 

Chunk freelists:
   Non-Class:  14.99 MB
       Class:  13.81 MB
        Both:  28.80 MB

MaxMetaspaceSize: unlimited
CompressedClassSpaceSize: 1.00 GB
Initial GC threshold: 21.00 MB
Current GC threshold: 21.00 MB
CDS: on
 - commit_granule_bytes: 65536.
 - commit_granule_words: 8192.
 - virtual_space_node_default_size: 8388608.
 - enlarge_chunks_in_place: 1.
UseCompressedClassPointers 1, UseCompactObjectHeaders 0
Narrow klass pointer bits 32, Max shift 3
Narrow klass base: 0x0000017418000000, Narrow klass shift: 0
Encoding Range: [0x0000017418000000 - 0x0000017518000000), (4294967296 bytes)
Klass Range:    [0x0000017418000000 - 0x0000017459000000), (1090519040 bytes)
Klass ID Range:  [8 - 1090519033) (1090519025)


Internal statistics:

num_allocs_failed_limit: 0.
num_arena_births: 318.
num_arena_deaths: 0.
num_vsnodes_births: 2.
num_vsnodes_deaths: 0.
num_space_committed: 298.
num_space_uncommitted: 0.
num_chunks_returned_to_freelist: 0.
num_chunks_taken_from_freelist: 717.
num_chunk_merges: 0.
num_chunk_splits: 497.
num_chunks_enlarged: 369.
num_inconsistent_stats: 0.

CodeHeap 'non-profiled nmethods': size=119232Kb used=1144Kb max_used=1144Kb free=118087Kb
 bounds [0x0000017407b90000, 0x0000017407e00000, 0x000001740f000000]
CodeHeap 'profiled nmethods': size=119104Kb used=5452Kb max_used=5452Kb free=113652Kb
 bounds [0x0000017400000000, 0x0000017400560000, 0x0000017407450000]
CodeHeap 'non-nmethods': size=7424Kb used=2212Kb max_used=3338Kb free=5212Kb
 bounds [0x0000017407450000, 0x00000174077f0000, 0x0000017407b90000]
CodeCache: size=245760Kb, used=8808Kb, max_used=9934Kb, free=236951Kb
 total_blobs=4225, nmethods=3409, adapters=720, full_count=0
Compilation: enabled, stopped_count=0, restarted_count=0

Compilation events (20 events):
Event: 5.336 Thread 0x00000174596f1180 3388   !   3       jdk.jfr.internal.Control::setValue (102 bytes)
Event: 5.336 Thread 0x000001745902cd60 nmethod 3387 0x0000017407c9b988 code [0x0000017407c9ba80, 0x0000017407c9bb48]
Event: 5.336 Thread 0x000001745902cd60 3389       3       jdk.jfr.internal.SettingsManager$InternalSetting::getValues (35 bytes)
Event: 5.336 Thread 0x000001745e586340 nmethod 3373 0x0000017407c9bc88 code [0x0000017407c9bd80, 0x0000017407c9be10]
Event: 5.337 Thread 0x000001745e586340 3390       4       java.util.HashMap$KeyIterator::next (8 bytes)
Event: 5.337 Thread 0x000001745902cd60 nmethod 3389 0x0000017400549888 code [0x00000174005499e0, 0x0000017400549ea8]
Event: 5.337 Thread 0x00000174596f1180 nmethod 3388 0x0000017400549f08 code [0x000001740054a1a0, 0x000001740054b5f8]
Event: 5.338 Thread 0x000001745e586340 nmethod 3390 0x0000017407c9bf88 code [0x0000017407c9c0a0, 0x0000017407c9c690]
Event: 5.339 Thread 0x0000017459311d30 nmethod 3366 0x0000017407c9c708 code [0x0000017407c9c880, 0x0000017407c9d8f0]
Event: 5.345 Thread 0x00000174596f1180 3391       1       jdk.jfr.internal.periodic.EventTask::getEventType (5 bytes)
Event: 5.345 Thread 0x00000174596f1180 nmethod 3391 0x0000017407c9d988 code [0x0000017407c9da80, 0x0000017407c9db48]
Event: 5.346 Thread 0x000001745902cd60 3392       1       jdk.jfr.internal.periodic.PeriodicTask::getPeriod (5 bytes)
Event: 5.346 Thread 0x00000174596f1180 3393       3       java.util.Comparator$$Lambda/0x0000017419121ac0::compare (10 bytes)
Event: 5.346 Thread 0x000001745902cd60 nmethod 3392 0x0000017407c9dc88 code [0x0000017407c9dd80, 0x0000017407c9de48]
Event: 5.346 Thread 0x000001745902cd60 3394       3       java.util.Comparator::lambda$comparingLong$6043328a$1 (18 bytes)
Event: 5.346 Thread 0x00000174596f1180 nmethod 3393 0x000001740054b688 code [0x000001740054b7e0, 0x000001740054bc58]
Event: 5.346 Thread 0x000001745902cd60 nmethod 3394 0x000001740054bc88 code [0x000001740054bde0, 0x000001740054c1c0]
Event: 5.358 Thread 0x000001745e445c60 nmethod 3343 0x0000017407c9df88 code [0x0000017407c9e440, 0x0000017407ca1e08]
Event: 5.404 Thread 0x00000174596f1180 3395       3       java.lang.Long::valueOf (40 bytes)
Event: 5.404 Thread 0x00000174596f1180 nmethod 3395 0x000001740054c208 code [0x000001740054c340, 0x000001740054c668]

GC Heap History (2 events):
Event: 1.117 GC heap before
{Heap before GC invocations=0 (full 0):
 garbage-first heap   total reserved 8359936K, committed 528384K, used 50288K [0x0000000601c00000, 0x0000000800000000)
  region size 4096K, 12 young (49152K), 0 survivors (0K)
 Metaspace       used 11629K, committed 11904K, reserved 1114112K
  class space    used 1083K, committed 1216K, reserved 1048576K
}
Event: 1.119 GC heap after
{Heap after GC invocations=1 (full 0):
 garbage-first heap   total reserved 8359936K, committed 528384K, used 5371K [0x0000000601c00000, 0x0000000800000000)
  region size 4096K, 2 young (8192K), 2 survivors (8192K)
 Metaspace       used 11629K, committed 11904K, reserved 1114112K
  class space    used 1083K, committed 1216K, reserved 1048576K
}

Dll operation events (20 events):
Event: 0.297 Loaded shared library C:\Users\enzoc\.openjfx\cache\18.0.2+2\api-ms-win-crt-heap-l1-1-0.dll
Event: 0.299 Loaded shared library C:\Users\enzoc\.openjfx\cache\18.0.2+2\api-ms-win-crt-locale-l1-1-0.dll
Event: 0.301 Loaded shared library C:\Users\enzoc\.openjfx\cache\18.0.2+2\api-ms-win-crt-math-l1-1-0.dll
Event: 0.303 Loaded shared library C:\Users\enzoc\.openjfx\cache\18.0.2+2\api-ms-win-crt-multibyte-l1-1-0.dll
Event: 0.305 Loaded shared library C:\Users\enzoc\.openjfx\cache\18.0.2+2\api-ms-win-crt-private-l1-1-0.dll
Event: 0.307 Loaded shared library C:\Users\enzoc\.openjfx\cache\18.0.2+2\api-ms-win-crt-process-l1-1-0.dll
Event: 0.308 Loaded shared library C:\Users\enzoc\.openjfx\cache\18.0.2+2\api-ms-win-crt-runtime-l1-1-0.dll
Event: 0.310 Loaded shared library C:\Users\enzoc\.openjfx\cache\18.0.2+2\api-ms-win-crt-stdio-l1-1-0.dll
Event: 0.312 Loaded shared library C:\Users\enzoc\.openjfx\cache\18.0.2+2\api-ms-win-crt-string-l1-1-0.dll
Event: 0.314 Loaded shared library C:\Users\enzoc\.openjfx\cache\18.0.2+2\api-ms-win-crt-time-l1-1-0.dll
Event: 0.316 Loaded shared library C:\Users\enzoc\.openjfx\cache\18.0.2+2\api-ms-win-crt-utility-l1-1-0.dll
Event: 0.326 Loaded shared library C:\Users\enzoc\.openjfx\cache\18.0.2+2\ucrtbase.dll
Event: 0.328 Loaded shared library C:\Users\enzoc\.openjfx\cache\18.0.2+2\vcruntime140.dll
Event: 0.330 Loaded shared library C:\Users\enzoc\.openjfx\cache\18.0.2+2\vcruntime140_1.dll
Event: 0.336 Loaded shared library C:\Users\enzoc\.openjfx\cache\18.0.2+2\msvcp140.dll
Event: 0.385 Loaded shared library C:\Users\enzoc\.openjfx\cache\18.0.2+2\prism_d3d.dll
Event: 0.480 Loaded shared library C:\Users\enzoc\.openjfx\cache\18.0.2+2\glass.dll
Event: 1.181 Loaded shared library C:\Users\enzoc\.openjfx\cache\18.0.2+2\javafx_font.dll
Event: 1.260 Loaded shared library C:\Users\enzoc\.openjfx\cache\18.0.2+2\javafx_iio.dll
Event: 5.205 Loaded shared library C:\Users\enzoc\AppData\Local\Temp\idea_libasyncProfiler_dll_temp_folder6\libasyncProfiler.dll

Deoptimization events (20 events):
Event: 5.296 Thread 0x000001745901da00 Uncommon trap: trap_request=0xffffffde fr.pc=0x0000017407c81d90 relative=0x0000000000000070
Event: 5.296 Thread 0x000001745901da00 Uncommon trap: reason=class_check action=maybe_recompile pc=0x0000017407c81d90 method=jdk.jfr.FlightRecorderPermission$InternalAccess.getType(Ljava/lang/Object;)Ljdk/jfr/internal/Type; @ 18 c2
Event: 5.296 Thread 0x000001745901da00 DEOPT PACKING pc=0x0000017407c81d90 sp=0x0000007249afe4f0
Event: 5.296 Thread 0x000001745901da00 DEOPT UNPACKING pc=0x0000017407564102 sp=0x0000007249afe488 mode 2
Event: 5.299 Thread 0x000001745901da00 Uncommon trap: trap_request=0xffffffcc fr.pc=0x0000017407c7c9ec relative=0x00000000000003ac
Event: 5.299 Thread 0x000001745901da00 Uncommon trap: reason=intrinsic_or_type_checked_inlining action=make_not_entrant pc=0x0000017407c7c9ec method=java.util.Arrays.copyOf([Ljava/lang/Object;ILjava/lang/Class;)[Ljava/lang/Object; @ 35 c2
Event: 5.299 Thread 0x000001745901da00 DEOPT PACKING pc=0x0000017407c7c9ec sp=0x0000007249afe370
Event: 5.299 Thread 0x000001745901da00 DEOPT UNPACKING pc=0x0000017407564102 sp=0x0000007249afe300 mode 2
Event: 5.327 Thread 0x000001745901da00 Uncommon trap: trap_request=0xffffff4d fr.pc=0x0000017407c94c2c relative=0x000000000000020c
Event: 5.327 Thread 0x000001745901da00 Uncommon trap: reason=unstable_if action=reinterpret pc=0x0000017407c94c2c method=java.io.ByteArrayOutputStream.ensureCapacity(I)V @ 11 c2
Event: 5.327 Thread 0x000001745901da00 DEOPT PACKING pc=0x0000017407c94c2c sp=0x0000007249afe680
Event: 5.327 Thread 0x000001745901da00 DEOPT UNPACKING pc=0x0000017407564102 sp=0x0000007249afe5b8 mode 2
Event: 5.329 Thread 0x000001745901da00 Uncommon trap: trap_request=0xffffff4d fr.pc=0x0000017407c951f0 relative=0x00000000000003d0
Event: 5.329 Thread 0x000001745901da00 Uncommon trap: reason=unstable_if action=reinterpret pc=0x0000017407c951f0 method=java.io.ByteArrayOutputStream.ensureCapacity(I)V @ 11 c2
Event: 5.329 Thread 0x000001745901da00 DEOPT PACKING pc=0x0000017407c951f0 sp=0x0000007249afe5e0
Event: 5.329 Thread 0x000001745901da00 DEOPT UNPACKING pc=0x0000017407564102 sp=0x0000007249afe4c0 mode 2
Event: 5.404 Thread 0x000001745e7d82b0 Uncommon trap: trap_request=0xffffff4d fr.pc=0x0000017407c81414 relative=0x00000000000000f4
Event: 5.404 Thread 0x000001745e7d82b0 Uncommon trap: reason=unstable_if action=reinterpret pc=0x0000017407c81414 method=java.lang.Long.valueOf(J)Ljava/lang/Long; @ 9 c2
Event: 5.404 Thread 0x000001745e7d82b0 DEOPT PACKING pc=0x0000017407c81414 sp=0x000000724adfed20
Event: 5.404 Thread 0x000001745e7d82b0 DEOPT UNPACKING pc=0x0000017407564102 sp=0x000000724adfecb8 mode 2

Classes loaded (20 events):
Event: 5.321 Loading class jdk/jfr/internal/MetadataWriter
Event: 5.321 Loading class jdk/jfr/internal/MetadataWriter done
Event: 5.321 Loading class jdk/jfr/internal/MetadataDescriptor$Element
Event: 5.321 Loading class jdk/jfr/internal/MetadataDescriptor$Element done
Event: 5.321 Loading class jdk/jfr/internal/MetadataDescriptor$Attribute
Event: 5.321 Loading class jdk/jfr/internal/MetadataDescriptor$Attribute done
Event: 5.325 Loading class jdk/jfr/internal/consumer/StringParser$Encoding
Event: 5.325 Loading class jdk/jfr/internal/consumer/StringParser$Encoding done
Event: 5.332 Loading class jdk/jfr/internal/consumer/RepositoryFiles
Event: 5.332 Loading class jdk/jfr/internal/consumer/RepositoryFiles done
Event: 5.334 Loading class jdk/jfr/internal/SettingsManager$InternalSetting
Event: 5.334 Loading class jdk/jfr/internal/SettingsManager$InternalSetting done
Event: 5.335 Loading class jdk/jfr/internal/util/Rate
Event: 5.335 Loading class jdk/jfr/internal/util/Rate done
Event: 5.335 Loading class jdk/jfr/internal/util/TimespanUnit
Event: 5.335 Loading class jdk/jfr/internal/util/TimespanUnit done
Event: 5.335 Loading class jdk/jfr/internal/util/ValueParser
Event: 5.336 Loading class jdk/jfr/internal/util/ValueParser done
Event: 5.336 Loading class jdk/jfr/internal/periodic/PeriodicType
Event: 5.337 Loading class jdk/jfr/internal/periodic/PeriodicType done

Classes unloaded (0 events):
No events

Classes redefined (0 events):
No events

Internal exceptions (20 events):
Event: 1.227 Thread 0x000001745e84a3c0 Exception <a 'java/lang/NoSuchMethodError'{0x00000006213a7cd8}: 'void java.lang.invoke.DirectMethodHandle$Holder.invokeSpecial(java.lang.Object, java.lang.Object, double)'> (0x00000006213a7cd8) 
thrown [s\open\src\hotspot\share\interpreter\linkResolver.cpp, line 805]
Event: 1.228 Thread 0x000001745e84a3c0 Exception <a 'java/lang/NoSuchMethodError'{0x00000006213c0008}: 'double java.lang.invoke.DelegatingMethodHandle$Holder.reinvoke_L(java.lang.Object, java.lang.Object, int)'> (0x00000006213c0008) 
thrown [s\open\src\hotspot\share\interpreter\linkResolver.cpp, line 805]
Event: 1.229 Thread 0x000001745e84a3c0 Exception <a 'java/lang/NoSuchMethodError'{0x00000006213d7300}: 'java.lang.Object java.lang.invoke.DirectMethodHandle$Holder.invokeStatic(java.lang.Object, java.lang.Object, java.lang.Object, java.lang.Object, int)'> (0x00000006213d7300) 
thrown [s\open\src\hotspot\share\interpreter\linkResolver.cpp, line 805]
Event: 1.229 Thread 0x000001745e84a3c0 Exception <a 'java/lang/NoSuchMethodError'{0x00000006213f22c8}: 'void java.lang.invoke.DelegatingMethodHandle$Holder.reinvoke_L(java.lang.Object, java.lang.Object, double)'> (0x00000006213f22c8) 
thrown [s\open\src\hotspot\share\interpreter\linkResolver.cpp, line 805]
Event: 1.238 Thread 0x000001745e84a3c0 Exception <a 'java/io/IOException'{0x0000000620cb31a0}> (0x0000000620cb31a0) 
thrown [s\open\src\hotspot\share\prims\jni.cpp, line 518]
Event: 1.421 Thread 0x000001745e84a3c0 Exception <a 'java/io/FileNotFoundException'{0x00000006206ed9b0}> (0x00000006206ed9b0) 
thrown [s\open\src\hotspot\share\prims\jni.cpp, line 518]
Event: 1.452 Thread 0x000001745e84a3c0 Exception <a 'java/lang/IncompatibleClassChangeError'{0x0000000620171530}: Found class java.lang.Object, but interface was expected> (0x0000000620171530) 
thrown [s\open\src\hotspot\share\interpreter\linkResolver.cpp, line 872]
Event: 1.473 Thread 0x000001745e84a3c0 Exception <a 'java/lang/NoSuchMethodError'{0x00000006203a3e88}: 'int java.lang.invoke.DirectMethodHandle$Holder.invokeSpecial(java.lang.Object, java.lang.Object, int)'> (0x00000006203a3e88) 
thrown [s\open\src\hotspot\share\interpreter\linkResolver.cpp, line 805]
Event: 1.485 Thread 0x000001745e84a3c0 Exception <a 'java/lang/NoSuchMethodError'{0x000000061fc72b30}: 'java.lang.Object java.lang.invoke.DirectMethodHandle$Holder.newInvokeSpecial(java.lang.Object, java.lang.Object, int)'> (0x000000061fc72b30) 
thrown [s\open\src\hotspot\share\interpreter\linkResolver.cpp, line 805]
Event: 1.503 Thread 0x000001745e8606f0 Exception <a 'java/lang/NoSuchMethodError'{0x000000061fd11fb8}: 'int java.lang.invoke.DirectMethodHandle$Holder.invokeStaticInit(java.lang.Object, java.lang.Object)'> (0x000000061fd11fb8) 
thrown [s\open\src\hotspot\share\interpreter\linkResolver.cpp, line 805]
Event: 2.326 Thread 0x000001745e8606f0 Exception <a 'java/lang/NoSuchMethodError'{0x000000061f9884a0}: 'java.lang.Object java.lang.invoke.DirectMethodHandle$Holder.invokeStaticInit(java.lang.Object, int)'> (0x000000061f9884a0) 
thrown [s\open\src\hotspot\share\interpreter\linkResolver.cpp, line 805]
Event: 5.234 Thread 0x000001745901da00 Exception <a 'sun/nio/fs/WindowsException'{0x000000061f4d2220}> (0x000000061f4d2220) 
thrown [s\open\src\hotspot\share\prims\jni.cpp, line 518]
Event: 5.236 Thread 0x000001745901da00 Exception <a 'java/lang/NoSuchMethodError'{0x000000061f4d91e8}: 'java.lang.Object java.lang.invoke.DirectMethodHandle$Holder.invokeStatic(java.lang.Object, int, java.lang.Object)'> (0x000000061f4d91e8) 
thrown [s\open\src\hotspot\share\interpreter\linkResolver.cpp, line 805]
Event: 5.265 Thread 0x000001745901da00 Exception <a 'java/lang/NoSuchMethodError'{0x000000061f775220}: 'int java.lang.invoke.DirectMethodHandle$Holder.invokeStatic(java.lang.Object, java.lang.Object, java.lang.Object, java.lang.Object)'> (0x000000061f775220) 
thrown [s\open\src\hotspot\share\interpreter\linkResolver.cpp, line 805]
Event: 5.312 Thread 0x000001745901da00 Exception <a 'java/lang/NoSuchMethodError'{0x000000061f36ffd0}: 'void java.lang.invoke.DirectMethodHandle$Holder.invokeSpecial(java.lang.Object, java.lang.Object, int)'> (0x000000061f36ffd0) 
thrown [s\open\src\hotspot\share\interpreter\linkResolver.cpp, line 805]
Event: 5.312 Thread 0x000001745901da00 Exception <a 'java/lang/NoSuchMethodError'{0x000000061f377bf0}: 'void java.lang.invoke.Invokers$Holder.invokeExact_MT(java.lang.Object, int, java.lang.Object)'> (0x000000061f377bf0) 
thrown [s\open\src\hotspot\share\interpreter\linkResolver.cpp, line 805]
Event: 5.313 Thread 0x000001745901da00 Exception <a 'java/lang/NoSuchMethodError'{0x000000061f391f70}: 'void java.lang.invoke.DirectMethodHandle$Holder.invokeStatic(java.lang.Object, java.lang.Object, int)'> (0x000000061f391f70) 
thrown [s\open\src\hotspot\share\interpreter\linkResolver.cpp, line 805]
Event: 5.316 Thread 0x000001745901da00 Exception <a 'sun/nio/fs/WindowsException'{0x000000061f3ccc40}> (0x000000061f3ccc40) 
thrown [s\open\src\hotspot\share\prims\jni.cpp, line 518]
Event: 5.317 Thread 0x000001745901da00 Exception <a 'sun/nio/fs/WindowsException'{0x000000061ec0c698}> (0x000000061ec0c698) 
thrown [s\open\src\hotspot\share\prims\jni.cpp, line 518]
Event: 5.319 Thread 0x000001745901da00 Exception <a 'sun/nio/fs/WindowsException'{0x000000061ec1e400}> (0x000000061ec1e400) 
thrown [s\open\src\hotspot\share\prims\jni.cpp, line 518]

VM Operations (20 events):
Event: 0.304 Executing VM operation: HandshakeAllThreads (Deoptimize)
Event: 0.304 Executing VM operation: HandshakeAllThreads (Deoptimize) done
Event: 0.365 Executing VM operation: HandshakeAllThreads (Deoptimize)
Event: 0.366 Executing VM operation: HandshakeAllThreads (Deoptimize) done
Event: 0.413 Executing VM operation: HandshakeAllThreads (Deoptimize)
Event: 0.413 Executing VM operation: HandshakeAllThreads (Deoptimize) done
Event: 0.451 Executing VM operation: HandshakeAllThreads (Deoptimize)
Event: 0.451 Executing VM operation: HandshakeAllThreads (Deoptimize) done
Event: 1.071 Executing VM operation: HandshakeAllThreads (Deoptimize)
Event: 1.071 Executing VM operation: HandshakeAllThreads (Deoptimize) done
Event: 1.084 Executing VM operation: HandshakeAllThreads (Deoptimize)
Event: 1.084 Executing VM operation: HandshakeAllThreads (Deoptimize) done
Event: 1.117 Executing VM operation: G1CollectForAllocation (G1 Evacuation Pause)
Event: 1.119 Executing VM operation: G1CollectForAllocation (G1 Evacuation Pause) done
Event: 1.184 Executing VM operation: HandshakeAllThreads (Deoptimize)
Event: 1.184 Executing VM operation: HandshakeAllThreads (Deoptimize) done
Event: 5.314 Executing VM operation: HandshakeAllThreads (Deoptimize)
Event: 5.315 Executing VM operation: HandshakeAllThreads (Deoptimize) done
Event: 5.332 Executing VM operation: JFRSafepointClear
Event: 5.332 Executing VM operation: JFRSafepointClear done

Memory protections (0 events):
No events

Nmethod flushes (0 events):
No events

Events (20 events):
Event: 0.485 Thread 0x00000174705071b0 Thread added: 0x000001745e84a3c0
Event: 1.004 Thread 0x00000174591dc090 Thread exited: 0x00000174591dc090
Event: 1.004 Thread 0x00000174591db730 Thread exited: 0x00000174591db730
Event: 1.004 Thread 0x0000017459202b20 Thread exited: 0x0000017459202b20
Event: 1.025 Thread 0x00000174705071b0 Thread added: 0x000001745ed24e80
Event: 1.037 Thread 0x000001745ed255d0 Thread added: 0x000001745ed255d0
Event: 1.192 Thread 0x000001745902cd60 Thread added: 0x000001745ee7dad0
Event: 1.394 Thread 0x00000174592964d0 Thread exited: 0x00000174592964d0
Event: 1.394 Thread 0x0000017459273b30 Thread exited: 0x0000017459273b30
Event: 1.429 Thread 0x00000174591ffbf0 Thread exited: 0x00000174591ffbf0
Event: 1.447 Thread 0x000001745e84a3c0 Thread added: 0x000001745ed23890
Event: 4.298 Thread 0x000001745ee7dad0 Thread exited: 0x000001745ee7dad0
Event: 4.402 Thread 0x0000017459202390 Thread exited: 0x0000017459202390
Event: 4.402 Thread 0x000001745902d8b0 Thread exited: 0x000001745902d8b0
Event: 5.226 Thread 0x000001745902cd60 Thread added: 0x000001745e586340
Event: 5.236 Thread 0x000001745902cd60 Thread added: 0x00000174596f1180
Event: 5.241 Thread 0x000001745901da00 Thread added: 0x00000174637cf7d0
Event: 5.271 Thread 0x00000174596f1180 Thread added: 0x0000017459311d30
Event: 5.271 Thread 0x000001745e586340 Thread added: 0x000001745e445c60
Event: 5.314 Thread 0x000001745901da00 Thread added: 0x00000174637d56e0


Dynamic libraries:
0x00007ff6b6890000 - 0x00007ff6b689e000 	C:\Users\enzoc\.jdks\openjdk-24\bin\java.exe
0x00007ff81ccc0000 - 0x00007ff81cf26000 	C:\WINDOWS\SYSTEM32\ntdll.dll
0x00007ff81bea0000 - 0x00007ff81bf69000 	C:\WINDOWS\System32\KERNEL32.DLL
0x00007ff81a350000 - 0x00007ff81a71c000 	C:\WINDOWS\System32\KERNELBASE.dll
0x00007ff819e50000 - 0x00007ff819f9b000 	C:\WINDOWS\System32\ucrtbase.dll
0x00007ffff2940000 - 0x00007ffff2956000 	C:\Users\enzoc\.jdks\openjdk-24\bin\jli.dll
0x00007ffff2920000 - 0x00007ffff293b000 	C:\Users\enzoc\.jdks\openjdk-24\bin\VCRUNTIME140.dll
0x00007ff81c550000 - 0x00007ff81c71a000 	C:\WINDOWS\System32\USER32.dll
0x00007ff81a1b0000 - 0x00007ff81a1d7000 	C:\WINDOWS\System32\win32u.dll
0x00007ff804590000 - 0x00007ff80482a000 	C:\WINDOWS\WinSxS\amd64_microsoft.windows.common-controls_6595b64144ccf1df_6.0.26100.3912_none_3e07963ce335137e\COMCTL32.dll
0x00007ff81be30000 - 0x00007ff81be5b000 	C:\WINDOWS\System32\GDI32.dll
0x00007ff81ca50000 - 0x00007ff81caf9000 	C:\WINDOWS\System32\msvcrt.dll
0x00007ff81a720000 - 0x00007ff81a852000 	C:\WINDOWS\System32\gdi32full.dll
0x00007ff81a1e0000 - 0x00007ff81a283000 	C:\WINDOWS\System32\msvcp_win.dll
0x00007ff81be60000 - 0x00007ff81be90000 	C:\WINDOWS\System32\IMM32.DLL
0x00007ffff4130000 - 0x00007ffff413c000 	C:\Users\enzoc\.jdks\openjdk-24\bin\vcruntime140_1.dll
0x00007ffff2890000 - 0x00007ffff291e000 	C:\Users\enzoc\.jdks\openjdk-24\bin\msvcp140.dll
0x00007fffa50f0000 - 0x00007fffa5e92000 	C:\Users\enzoc\.jdks\openjdk-24\bin\server\jvm.dll
0x00007ff81b3c0000 - 0x00007ff81b472000 	C:\WINDOWS\System32\ADVAPI32.dll
0x00007ff81cb00000 - 0x00007ff81cba6000 	C:\WINDOWS\System32\sechost.dll
0x00007ff81aa80000 - 0x00007ff81ab96000 	C:\WINDOWS\System32\RPCRT4.dll
0x00007ff81c000000 - 0x00007ff81c074000 	C:\WINDOWS\System32\WS2_32.dll
0x00007ff818dc0000 - 0x00007ff818e1e000 	C:\WINDOWS\SYSTEM32\POWRPROF.dll
0x00007ff80dab0000 - 0x00007ff80dae6000 	C:\WINDOWS\SYSTEM32\WINMM.dll
0x00007ff812800000 - 0x00007ff81280b000 	C:\WINDOWS\SYSTEM32\VERSION.dll
0x00007ff818da0000 - 0x00007ff818db4000 	C:\WINDOWS\SYSTEM32\UMPDC.dll
0x00007ff818c50000 - 0x00007ff818c6a000 	C:\WINDOWS\SYSTEM32\kernel.appcore.dll
0x00007ffff2880000 - 0x00007ffff288a000 	C:\Users\enzoc\.jdks\openjdk-24\bin\jimage.dll
0x00007ff80cb30000 - 0x00007ff80cd71000 	C:\WINDOWS\SYSTEM32\DBGHELP.DLL
0x00007ff81c100000 - 0x00007ff81c484000 	C:\WINDOWS\System32\combase.dll
0x00007ff81b2d0000 - 0x00007ff81b3b0000 	C:\WINDOWS\System32\OLEAUT32.dll
0x00007ff802470000 - 0x00007ff8024a9000 	C:\WINDOWS\SYSTEM32\dbgcore.DLL
0x00007ff81a9e0000 - 0x00007ff81aa79000 	C:\WINDOWS\System32\bcryptPrimitives.dll
0x00007ff802a40000 - 0x00007ff802a4f000 	C:\Users\enzoc\.jdks\openjdk-24\bin\instrument.dll
0x00007fffc5250000 - 0x00007fffc526e000 	C:\Users\enzoc\.jdks\openjdk-24\bin\java.dll
0x00007ff81bb10000 - 0x00007ff81bcaf000 	C:\WINDOWS\System32\ole32.dll
0x00007ff81aba0000 - 0x00007ff81b2cd000 	C:\WINDOWS\System32\SHELL32.dll
0x00007ff81a860000 - 0x00007ff81a9d4000 	C:\WINDOWS\System32\wintypes.dll
0x00007ff817aa0000 - 0x00007ff8182f6000 	C:\WINDOWS\SYSTEM32\windows.storage.dll
0x00007ff81b480000 - 0x00007ff81b56f000 	C:\WINDOWS\System32\SHCORE.dll
0x00007ff81c4e0000 - 0x00007ff81c549000 	C:\WINDOWS\System32\shlwapi.dll
0x00007ff819d60000 - 0x00007ff819d8f000 	C:\WINDOWS\SYSTEM32\profapi.dll
0x00007fffb4a90000 - 0x00007fffb4b67000 	C:\Users\enzoc\.jdks\openjdk-24\bin\jsvml.dll
0x00007fffe7e30000 - 0x00007fffe7e40000 	C:\Users\enzoc\.jdks\openjdk-24\bin\net.dll
0x00007ff8192a0000 - 0x00007ff81930a000 	C:\WINDOWS\system32\mswsock.dll
0x00007fffc40f0000 - 0x00007fffc4106000 	C:\Users\enzoc\.jdks\openjdk-24\bin\nio.dll
0x00007fffc40d0000 - 0x00007fffc40e7000 	C:\Users\enzoc\.jdks\openjdk-24\bin\zip.dll
0x00007ff802a00000 - 0x00007ff802a1a000 	C:\Program Files\JetBrains\IntelliJ IDEA 2024.3.3\bin\breakgen64.dll
0x00007ff818690000 - 0x00007ff8187b7000 	C:\WINDOWS\SYSTEM32\DNSAPI.dll
0x00007ff8185f0000 - 0x00007ff818623000 	C:\WINDOWS\SYSTEM32\IPHLPAPI.DLL
0x00007ff81c990000 - 0x00007ff81c99a000 	C:\WINDOWS\System32\NSI.dll
0x00007ff811210000 - 0x00007ff81121b000 	C:\Windows\System32\rasadhlp.dll
0x00007ff8123d0000 - 0x00007ff812456000 	C:\WINDOWS\System32\fwpuclnt.dll
0x00007ff8029f0000 - 0x00007ff8029fa000 	C:\Users\enzoc\.jdks\openjdk-24\bin\management.dll
0x00007ff802580000 - 0x00007ff80258b000 	C:\Users\enzoc\.jdks\openjdk-24\bin\management_ext.dll
0x00007ff81ca40000 - 0x00007ff81ca48000 	C:\WINDOWS\System32\PSAPI.DLL
0x0000017417c80000 - 0x0000017417c83000 	C:\Users\enzoc\.openjfx\cache\18.0.2+2\api-ms-win-core-console-l1-1-0.dll
0x0000017417c90000 - 0x0000017417c93000 	C:\Users\enzoc\.openjfx\cache\18.0.2+2\api-ms-win-core-console-l1-2-0.dll
0x0000017417db0000 - 0x0000017417db3000 	C:\Users\enzoc\.openjfx\cache\18.0.2+2\api-ms-win-core-datetime-l1-1-0.dll
0x0000017417dc0000 - 0x0000017417dc3000 	C:\Users\enzoc\.openjfx\cache\18.0.2+2\api-ms-win-core-debug-l1-1-0.dll
0x0000017417dd0000 - 0x0000017417dd3000 	C:\Users\enzoc\.openjfx\cache\18.0.2+2\api-ms-win-core-errorhandling-l1-1-0.dll
0x0000017417de0000 - 0x0000017417de4000 	C:\Users\enzoc\.openjfx\cache\18.0.2+2\api-ms-win-core-file-l1-1-0.dll
0x0000017417df0000 - 0x0000017417df3000 	C:\Users\enzoc\.openjfx\cache\18.0.2+2\api-ms-win-core-file-l1-2-0.dll
0x0000017417e00000 - 0x0000017417e03000 	C:\Users\enzoc\.openjfx\cache\18.0.2+2\api-ms-win-core-file-l2-1-0.dll
0x0000017417e10000 - 0x0000017417e13000 	C:\Users\enzoc\.openjfx\cache\18.0.2+2\api-ms-win-core-handle-l1-1-0.dll
0x0000017417e20000 - 0x0000017417e23000 	C:\Users\enzoc\.openjfx\cache\18.0.2+2\api-ms-win-core-heap-l1-1-0.dll
0x0000017417e30000 - 0x0000017417e33000 	C:\Users\enzoc\.openjfx\cache\18.0.2+2\api-ms-win-core-interlocked-l1-1-0.dll
0x0000017417e40000 - 0x0000017417e43000 	C:\Users\enzoc\.openjfx\cache\18.0.2+2\api-ms-win-core-libraryloader-l1-1-0.dll
0x0000017417e50000 - 0x0000017417e53000 	C:\Users\enzoc\.openjfx\cache\18.0.2+2\api-ms-win-core-localization-l1-2-0.dll
0x0000017417e60000 - 0x0000017417e63000 	C:\Users\enzoc\.openjfx\cache\18.0.2+2\api-ms-win-core-memory-l1-1-0.dll
0x0000017417e70000 - 0x0000017417e73000 	C:\Users\enzoc\.openjfx\cache\18.0.2+2\api-ms-win-core-namedpipe-l1-1-0.dll
0x0000017417e80000 - 0x0000017417e83000 	C:\Users\enzoc\.openjfx\cache\18.0.2+2\api-ms-win-core-processenvironment-l1-1-0.dll
0x0000017417e90000 - 0x0000017417e93000 	C:\Users\enzoc\.openjfx\cache\18.0.2+2\api-ms-win-core-processthreads-l1-1-0.dll
0x0000017417ea0000 - 0x0000017417ea3000 	C:\Users\enzoc\.openjfx\cache\18.0.2+2\api-ms-win-core-processthreads-l1-1-1.dll
0x0000017417eb0000 - 0x0000017417eb3000 	C:\Users\enzoc\.openjfx\cache\18.0.2+2\api-ms-win-core-profile-l1-1-0.dll
0x0000017417ec0000 - 0x0000017417ec3000 	C:\Users\enzoc\.openjfx\cache\18.0.2+2\api-ms-win-core-rtlsupport-l1-1-0.dll
0x0000017417ed0000 - 0x0000017417ed3000 	C:\Users\enzoc\.openjfx\cache\18.0.2+2\api-ms-win-core-string-l1-1-0.dll
0x0000017417ee0000 - 0x0000017417ee3000 	C:\Users\enzoc\.openjfx\cache\18.0.2+2\api-ms-win-core-synch-l1-1-0.dll
0x0000017417ef0000 - 0x0000017417ef3000 	C:\Users\enzoc\.openjfx\cache\18.0.2+2\api-ms-win-core-synch-l1-2-0.dll
0x0000017417f00000 - 0x0000017417f03000 	C:\Users\enzoc\.openjfx\cache\18.0.2+2\api-ms-win-core-sysinfo-l1-1-0.dll
0x0000017417f10000 - 0x0000017417f13000 	C:\Users\enzoc\.openjfx\cache\18.0.2+2\api-ms-win-core-timezone-l1-1-0.dll
0x0000017417f20000 - 0x0000017417f23000 	C:\Users\enzoc\.openjfx\cache\18.0.2+2\api-ms-win-core-util-l1-1-0.dll
0x0000017417f30000 - 0x0000017417f33000 	C:\Users\enzoc\.openjfx\cache\18.0.2+2\api-ms-win-crt-conio-l1-1-0.dll
0x0000017417f40000 - 0x0000017417f44000 	C:\Users\enzoc\.openjfx\cache\18.0.2+2\api-ms-win-crt-convert-l1-1-0.dll
0x0000017417f50000 - 0x0000017417f53000 	C:\Users\enzoc\.openjfx\cache\18.0.2+2\api-ms-win-crt-environment-l1-1-0.dll
0x0000017417f60000 - 0x0000017417f63000 	C:\Users\enzoc\.openjfx\cache\18.0.2+2\api-ms-win-crt-filesystem-l1-1-0.dll
0x0000017417f70000 - 0x0000017417f73000 	C:\Users\enzoc\.openjfx\cache\18.0.2+2\api-ms-win-crt-heap-l1-1-0.dll
0x0000017417f80000 - 0x0000017417f83000 	C:\Users\enzoc\.openjfx\cache\18.0.2+2\api-ms-win-crt-locale-l1-1-0.dll
0x0000017417f90000 - 0x0000017417f95000 	C:\Users\enzoc\.openjfx\cache\18.0.2+2\api-ms-win-crt-math-l1-1-0.dll
0x0000017417fa0000 - 0x0000017417fa5000 	C:\Users\enzoc\.openjfx\cache\18.0.2+2\api-ms-win-crt-multibyte-l1-1-0.dll
0x0000017417fb0000 - 0x0000017417fc0000 	C:\Users\enzoc\.openjfx\cache\18.0.2+2\api-ms-win-crt-private-l1-1-0.dll
0x0000017417fc0000 - 0x0000017417fc3000 	C:\Users\enzoc\.openjfx\cache\18.0.2+2\api-ms-win-crt-process-l1-1-0.dll
0x0000017417fd0000 - 0x0000017417fd4000 	C:\Users\enzoc\.openjfx\cache\18.0.2+2\api-ms-win-crt-runtime-l1-1-0.dll
0x0000017417fe0000 - 0x0000017417fe4000 	C:\Users\enzoc\.openjfx\cache\18.0.2+2\api-ms-win-crt-stdio-l1-1-0.dll
0x0000017417ff0000 - 0x0000017417ff4000 	C:\Users\enzoc\.openjfx\cache\18.0.2+2\api-ms-win-crt-string-l1-1-0.dll
0x0000017459f40000 - 0x0000017459f43000 	C:\Users\enzoc\.openjfx\cache\18.0.2+2\api-ms-win-crt-time-l1-1-0.dll
0x0000017459f50000 - 0x0000017459f53000 	C:\Users\enzoc\.openjfx\cache\18.0.2+2\api-ms-win-crt-utility-l1-1-0.dll
0x00007fffefba0000 - 0x00007fffefc9c000 	C:\Users\enzoc\.openjfx\cache\18.0.2+2\ucrtbase.dll
0x00007ff802560000 - 0x00007ff80257a000 	C:\Users\enzoc\.openjfx\cache\18.0.2+2\vcruntime140.dll
0x00007ff802550000 - 0x00007ff80255c000 	C:\Users\enzoc\.openjfx\cache\18.0.2+2\vcruntime140_1.dll
0x00007ffff6490000 - 0x00007ffff651d000 	C:\Users\enzoc\.openjfx\cache\18.0.2+2\msvcp140.dll
0x00007ff819540000 - 0x00007ff81955c000 	C:\WINDOWS\SYSTEM32\CRYPTSP.dll
0x00007ff818bb0000 - 0x00007ff818bea000 	C:\WINDOWS\system32\rsaenh.dll
0x00007ff819340000 - 0x00007ff81936b000 	C:\WINDOWS\SYSTEM32\USERENV.dll
0x00007ff819d30000 - 0x00007ff819d56000 	C:\WINDOWS\SYSTEM32\bcrypt.dll
0x00007ff819560000 - 0x00007ff81956c000 	C:\WINDOWS\SYSTEM32\CRYPTBASE.dll
0x00007ffffe970000 - 0x00007ffffe988000 	C:\WINDOWS\system32\napinsp.dll
0x00007ffffe950000 - 0x00007ffffe962000 	C:\WINDOWS\System32\winrnr.dll
0x00007ffffe910000 - 0x00007ffffe940000 	C:\WINDOWS\system32\nlansp_c.dll
0x00007ff812950000 - 0x00007ff812970000 	C:\WINDOWS\system32\wshbth.dll
0x00007ff802520000 - 0x00007ff80254c000 	C:\Users\enzoc\.openjfx\cache\18.0.2+2\prism_d3d.dll
0x00007fff7cb00000 - 0x00007fff7ccb5000 	C:\WINDOWS\system32\d3d9.dll
0x00007ff817400000 - 0x00007ff817436000 	C:\WINDOWS\SYSTEM32\dwmapi.dll
0x00007ff8171c0000 - 0x00007ff817207000 	C:\WINDOWS\SYSTEM32\dxcore.dll
0x00007ff816fc0000 - 0x00007ff81706f000 	C:\WINDOWS\system32\uxtheme.dll
0x00007ff811460000 - 0x00007ff811521000 	C:\WINDOWS\System32\DriverStore\FileRepository\nv_dispig.inf_amd64_0afec3f2050014a0\nvldumdx.dll
0x00007ff819660000 - 0x00007ff819673000 	C:\WINDOWS\SYSTEM32\msasn1.dll
0x00007ff8127c0000 - 0x00007ff8127fb000 	C:\WINDOWS\SYSTEM32\cryptnet.dll
0x00007ff819fa0000 - 0x00007ff81a117000 	C:\WINDOWS\System32\CRYPT32.dll
0x00007ff819600000 - 0x00007ff81965d000 	C:\WINDOWS\SYSTEM32\wldp.dll
0x00007ff8125a0000 - 0x00007ff81271c000 	C:\WINDOWS\SYSTEM32\drvstore.dll
0x00007ff819a90000 - 0x00007ff819abd000 	C:\WINDOWS\SYSTEM32\devobj.dll
0x00007ff819ac0000 - 0x00007ff819b17000 	C:\WINDOWS\SYSTEM32\cfgmgr32.dll
0x00007ff81a120000 - 0x00007ff81a1a0000 	C:\WINDOWS\System32\wintrust.dll
0x00007ff81c720000 - 0x00007ff81c740000 	C:\WINDOWS\System32\imagehlp.dll
0x00007ff80ecf0000 - 0x00007ff810cde000 	C:\WINDOWS\System32\DriverStore\FileRepository\nv_dispig.inf_amd64_0afec3f2050014a0\nvgpucomp64.dll
0x00007fff64790000 - 0x00007fff66224000 	C:\WINDOWS\System32\DriverStore\FileRepository\nv_dispig.inf_amd64_0afec3f2050014a0\nvd3dumx.dll
0x00007ff817230000 - 0x00007ff817290000 	C:\WINDOWS\SYSTEM32\directxdatabasehelper.dll

dbghelp: loaded successfully - version: 4.0.5 - missing functions: none
symbol engine: initialized successfully - sym options: 0x614 - pdb path: .;C:\Users\enzoc\.jdks\openjdk-24\bin;C:\WINDOWS\SYSTEM32;C:\WINDOWS\WinSxS\amd64_microsoft.windows.common-controls_6595b64144ccf1df_6.0.26100.3912_none_3e07963ce335137e;C:\Users\enzoc\.jdks\openjdk-24\bin\server;C:\Program Files\JetBrains\IntelliJ IDEA 2024.3.3\bin;C:\Users\enzoc\.openjfx\cache\18.0.2+2;C:\WINDOWS\System32\DriverStore\FileRepository\nv_dispig.inf_amd64_0afec3f2050014a0;C:\ProgramData\A-Volute\A-Volute.28054DF1F58B4\Modules\ScheduledModules\x64;C:\ProgramData\A-Volute\A-Volute.SonicStudio3\Modules\ScheduledModules\x64;C:\Program Files\Common Files\Microsoft Shared\Ink;C:\Users\enzoc\AppData\Local\Temp\idea_libasyncProfiler_dll_temp_folder6

VM Arguments:
jvm_args: -javaagent:C:\Program Files\JetBrains\IntelliJ IDEA 2024.3.3\lib\idea_rt.jar=55600:C:\Program Files\JetBrains\IntelliJ IDEA 2024.3.3\bin -Dfile.encoding=UTF-8 -Dsun.stdout.encoding=UTF-8 -Dsun.stderr.encoding=UTF-8 --module-path=C:\Users\enzoc\IdeaProjects\Bomberman\target\classes;C:\Users\enzoc\.m2\repository\org\openjfx\javafx-fxml\18.0.2\javafx-fxml-18.0.2-win.jar;C:\Users\enzoc\.m2\repository\org\openjfx\javafx-base\18.0.2\javafx-base-18.0.2-win.jar;C:\Users\enzoc\.m2\repository\org\openjfx\javafx-controls\18.0.2\javafx-controls-18.0.2-win.jar;C:\Users\enzoc\.m2\repository\org\openjfx\javafx-graphics\18.0.2\javafx-graphics-18.0.2-win.jar;C:\Users\enzoc\.m2\repository\org\openjfx\javafx-media\18.0.2\javafx-media-18.0.2-win.jar -Djdk.module.main=MVP 
java_command: MVP/fr.amu.iut.bomberman.Main
java_class_path (initial): C:\Users\enzoc\.m2\repository\org\openjfx\javafx-controls\18.0.2\javafx-controls-18.0.2.jar;C:\Users\enzoc\.m2\repository\org\openjfx\javafx-fxml\18.0.2\javafx-fxml-18.0.2.jar;C:\Users\enzoc\.m2\repository\org\openjfx\javafx-graphics\18.0.2\javafx-graphics-18.0.2.jar;C:\Users\enzoc\.m2\repository\org\openjfx\javafx-base\18.0.2\javafx-base-18.0.2.jar;C:\Users\enzoc\.m2\repository\org\openjfx\javafx-media\18.0.2\javafx-media-18.0.2.jar
Launcher Type: SUN_STANDARD

[Global flags]
     intx CICompilerCount                          = 12                                        {product} {ergonomic}
     uint ConcGCThreads                            = 3                                         {product} {ergonomic}
     bool FlightRecorder                           = true                                      {product} {management}
     uint G1ConcRefinementThreads                  = 13                                        {product} {ergonomic}
   size_t G1HeapRegionSize                         = 4194304                                   {product} {ergonomic}
   size_t InitialHeapSize                          = 536870912                                 {product} {ergonomic}
   size_t MarkStackSize                            = 4194304                                   {product} {ergonomic}
   size_t MarkStackSizeMax                         = 536870912                                 {product} {ergonomic}
   size_t MaxHeapSize                              = 8560574464                                {product} {ergonomic}
   size_t MaxNewSize                               = 5133828096                                {product} {ergonomic}
   size_t MinHeapDeltaBytes                        = 4194304                                   {product} {ergonomic}
   size_t MinHeapSize                              = 8388608                                   {product} {ergonomic}
    uintx NonNMethodCodeHeapSize                   = 7602176                                {pd product} {ergonomic}
    uintx NonProfiledCodeHeapSize                  = 122093568                              {pd product} {ergonomic}
    uintx ProfiledCodeHeapSize                     = 121962496                              {pd product} {ergonomic}
    uintx ReservedCodeCacheSize                    = 251658240                              {pd product} {ergonomic}
     bool SegmentedCodeCache                       = true                                      {product} {ergonomic}
   size_t SoftMaxHeapSize                          = 8560574464                             {manageable} {ergonomic}
     bool UseCompressedOops                        = true                           {product lp64_product} {ergonomic}
     bool UseG1GC                                  = true                                      {product} {ergonomic}
     bool UseLargePagesIndividualAllocation        = false                                  {pd product} {ergonomic}

Logging:
Log output configuration:
 #0: stdout all=warning uptime,level,tags foldmultilines=false
 #1: stderr all=off uptime,level,tags foldmultilines=false

Environment Variables:
PATH=C:\Program Files (x86)\Common Files\Oracle\Java\java8path;C:\Program Files (x86)\Common Files\Oracle\Java\javapath;C:\Python313\Scripts\;C:\Python313\;C:\WINDOWS\system32;C:\WINDOWS;C:\WINDOWS\System32\Wbem;C:\WINDOWS\System32\WindowsPowerShell\v1.0\;C:\WINDOWS\System32\OpenSSH\;C:\Program Files\dotnet\;C:\Program Files\Git\cmd;C:\Program Files\Microsoft SQL Server\150\Tools\Binn\;C:\Program Files\Microsoft SQL Server\Client SDK\ODBC\170\Tools\Binn\;C:\Program Files (x86)\Windows Kits\10\Windows Performance Toolkit\;C:\Program Files\Docker\Docker\resources\bin;C:\Program Files\Go\bin;C:\Program Files\nodejs\;C:\ProgramData\chocolatey\bin;C:\Users\enzoc\AppData\Local\pnpm;C:\Users\enzoc\.cargo\bin;C:\Users\enzoc\AppData\Local\Microsoft\WindowsApps;C:\Users\enzoc\AppData\Local\Programs\Microsoft VS Code\bin;C:\Users\enzoc\.dotnet\tools;C:\Program Files\JetBrains\DataGrip 2024.3.5\bin;;C:\Program Files\JetBrains\IntelliJ IDEA 2024.3.3\bin;;C:\Program Files\JetBrains\PyCharm 2024.3.3\bin;;C:\Users\enzoc\go\bin;C:\Users\enzoc\AppData\Local\Microsoft\WinGet\Links;C:\Users\enzoc\AppData\Roaming\npm
USERNAME=enzoc
OS=Windows_NT
PROCESSOR_IDENTIFIER=AMD64 Family 25 Model 33 Stepping 2, AuthenticAMD
TMP=C:\Users\enzoc\AppData\Local\Temp
TEMP=C:\Users\enzoc\AppData\Local\Temp




Periodic native trim disabled

---------------  S Y S T E M  ---------------

OS:
 Windows 11 , 64 bit Build 26100 (10.0.26100.3912)
OS uptime: 0 days 3:44 hours
Hyper-V role detected

CPU: total 16 (initial active 16) (16 cores per cpu, 2 threads per core) family 25 model 33 stepping 2 microcode 0xa20120a, cx8, cmov, fxsr, ht, mmx, 3dnowpref, sse, sse2, sse3, ssse3, sse4a, sse4.1, sse4.2, popcnt, lzcnt, tsc, tscinvbit, avx, avx2, aes, erms, clmul, bmi1, bmi2, adx, sha, fma, vzeroupper, clflush, clflushopt, hv, rdtscp, rdpid, fsrm, f16c, cet_ss
Processor Information for the first 16 processors :
  Max Mhz: 4200, Current Mhz: 4200, Mhz Limit: 4200

Memory: 4k page, system-wide physical 32652M (15866M free)
TotalPageFile size 37260M (AvailPageFile size 8395M)
current process WorkingSet (physical memory assigned to process): 211M, peak: 217M
current process commit charge ("private bytes"): 805M, peak: 821M

vm_info: OpenJDK 64-Bit Server VM (24+36-3646) for windows-amd64 JRE (24+36-3646), built on 2025-02-06T00:20:43Z with MS VC++ 17.6 (VS2022)

END.
